This file contains any messages produced by compilers while
running configure, to aid debugging if configure makes a mistake.

It was created by dosfstools configure 4.2, which was
generated by GNU Autoconf 2.69.  Invocation command line was

  $ ./configure 

## --------- ##
## Platform. ##
## --------- ##

hostname = linux-desktop
uname -m = x86_64
uname -r = 5.15.0-56-generic
uname -s = Linux
uname -v = #62-Ubuntu SMP Tue Nov 22 19:54:14 UTC 2022

/usr/bin/uname -p = x86_64
/bin/uname -X     = unknown

/bin/arch              = x86_64
/usr/bin/arch -k       = unknown
/usr/convex/getsysinfo = unknown
/usr/bin/hostinfo      = unknown
/bin/machine           = unknown
/usr/bin/oslevel       = unknown
/bin/universe          = unknown

PATH: /usr/local/sbin
PATH: /usr/local/bin
PATH: /usr/sbin
PATH: /usr/bin
PATH: /sbin
PATH: /bin
PATH: /snap/bin


## ----------- ##
## Core tests. ##
## ----------- ##

configure:2284: checking for a BSD-compatible install
configure:2352: result: /usr/bin/install -c
configure:2363: checking whether build environment is sane
configure:2418: result: yes
configure:2569: checking for a thread-safe mkdir -p
configure:2608: result: /usr/bin/mkdir -p
configure:2615: checking for gawk
configure:2631: found /usr/bin/gawk
configure:2642: result: gawk
configure:2653: checking whether make sets $(MAKE)
configure:2679: result: no
configure:2704: checking whether make supports nested variables
configure:2721: result: no
configure:2889: checking whether make supports the include directive
configure:2904: make -f confmf.GNU && cat confinc.out
./configure: line 2905: make: command not found
configure:2907: $? = 127
configure:2904: make -f confmf.BSD && cat confinc.out
./configure: line 2905: make: command not found
configure:2907: $? = 127
configure:2926: result: no
configure:2996: checking for gcc
configure:3012: found /usr/bin/gcc
configure:3023: result: gcc
configure:3252: checking for C compiler version
configure:3261: gcc --version >&5
gcc (Ubuntu 11.3.0-1ubuntu1~22.04) 11.3.0
Copyright (C) 2021 Free Software Foundation, Inc.
This is free software; see the source for copying conditions.  There is NO
warranty; not even for MERCHANTABILITY or FITNESS FOR A PARTICULAR PURPOSE.

configure:3272: $? = 0
configure:3261: gcc -v >&5
Using built-in specs.
COLLECT_GCC=gcc
COLLECT_LTO_WRAPPER=/usr/lib/gcc/x86_64-linux-gnu/11/lto-wrapper
OFFLOAD_TARGET_NAMES=nvptx-none:amdgcn-amdhsa
OFFLOAD_TARGET_DEFAULT=1
Target: x86_64-linux-gnu
Configured with: ../src/configure -v --with-pkgversion='Ubuntu 11.3.0-1ubuntu1~22.04' --with-bugurl=file:///usr/share/doc/gcc-11/README.Bugs --enable-languages=c,ada,c++,go,brig,d,fortran,objc,obj-c++,m2 --prefix=/usr --with-gcc-major-version-only --program-suffix=-11 --program-prefix=x86_64-linux-gnu- --enable-shared --enable-linker-build-id --libexecdir=/usr/lib --without-included-gettext --enable-threads=posix --libdir=/usr/lib --enable-nls --enable-bootstrap --enable-clocale=gnu --enable-libstdcxx-debug --enable-libstdcxx-time=yes --with-default-libstdcxx-abi=new --enable-gnu-unique-object --disable-vtable-verify --enable-plugin --enable-default-pie --with-system-zlib --enable-libphobos-checking=release --with-target-system-zlib=auto --enable-objc-gc=auto --enable-multiarch --disable-werror --enable-cet --with-arch-32=i686 --with-abi=m64 --with-multilib-list=m32,m64,mx32 --enable-multilib --with-tune=generic --enable-offload-targets=nvptx-none=/build/gcc-11-xKiWfi/gcc-11-11.3.0/debian/tmp-nvptx/usr,amdgcn-amdhsa=/build/gcc-11-xKiWfi/gcc-11-11.3.0/debian/tmp-gcn/usr --without-cuda-driver --enable-checking=release --build=x86_64-linux-gnu --host=x86_64-linux-gnu --target=x86_64-linux-gnu --with-build-config=bootstrap-lto-lean --enable-link-serialization=2
Thread model: posix
Supported LTO compression algorithms: zlib zstd
gcc version 11.3.0 (Ubuntu 11.3.0-1ubuntu1~22.04) 
... rest of stderr output deleted ...
configure:3272: $? = 0
configure:3261: gcc -V >&5
gcc: error: unrecognized command-line option '-V'
gcc: fatal error: no input files
compilation terminated.
configure:3272: $? = 1
configure:3261: gcc -qversion >&5
gcc: error: unrecognized command-line option '-qversion'; did you mean '--version'?
gcc: fatal error: no input files
compilation terminated.
configure:3272: $? = 1
configure:3292: checking whether the C compiler works
configure:3314: gcc    conftest.c  >&5
configure:3318: $? = 0
configure:3366: result: yes
configure:3369: checking for C compiler default output file name
configure:3371: result: a.out
configure:3377: checking for suffix of executables
configure:3384: gcc -o conftest    conftest.c  >&5
configure:3388: $? = 0
configure:3410: result: 
configure:3432: checking whether we are cross compiling
configure:3440: gcc -o conftest    conftest.c  >&5
configure:3444: $? = 0
configure:3451: ./conftest
configure:3455: $? = 0
configure:3470: result: no
configure:3475: checking for suffix of object files
configure:3497: gcc -c   conftest.c >&5
configure:3501: $? = 0
configure:3522: result: o
configure:3526: checking whether we are using the GNU C compiler
configure:3545: gcc -c   conftest.c >&5
configure:3545: $? = 0
configure:3554: result: yes
configure:3563: checking whether gcc accepts -g
configure:3583: gcc -c -g  conftest.c >&5
configure:3583: $? = 0
configure:3624: result: yes
configure:3641: checking for gcc option to accept ISO C89
configure:3704: gcc  -c -g -O2  conftest.c >&5
configure:3704: $? = 0
configure:3717: result: none needed
configure:3742: checking whether gcc understands -c and -o together
configure:3764: gcc -c conftest.c -o conftest2.o
configure:3767: $? = 0
configure:3764: gcc -c conftest.c -o conftest2.o
configure:3767: $? = 0
configure:3779: result: yes
configure:3798: checking dependency style of gcc
configure:3909: result: none
configure:3930: checking how to run the C preprocessor
configure:3961: gcc -E  conftest.c
configure:3961: $? = 0
configure:3975: gcc -E  conftest.c
conftest.c:11:10: fatal error: ac_nonexistent.h: No such file or directory
   11 | #include <ac_nonexistent.h>
      |          ^~~~~~~~~~~~~~~~~~
compilation terminated.
configure:3975: $? = 1
configure: failed program was:
| /* confdefs.h */
| #define PACKAGE_NAME "dosfstools"
| #define PACKAGE_TARNAME "dosfstools"
| #define PACKAGE_VERSION "4.2"
| #define PACKAGE_STRING "dosfstools 4.2"
| #define PACKAGE_BUGREPORT ""
| #define PACKAGE_URL ""
| #define PACKAGE "dosfstools"
| #define VERSION "4.2"
| /* end confdefs.h.  */
| #include <ac_nonexistent.h>
configure:4000: result: gcc -E
configure:4020: gcc -E  conftest.c
configure:4020: $? = 0
configure:4034: gcc -E  conftest.c
conftest.c:11:10: fatal error: ac_nonexistent.h: No such file or directory
   11 | #include <ac_nonexistent.h>
      |          ^~~~~~~~~~~~~~~~~~
compilation terminated.
configure:4034: $? = 1
configure: failed program was:
| /* confdefs.h */
| #define PACKAGE_NAME "dosfstools"
| #define PACKAGE_TARNAME "dosfstools"
| #define PACKAGE_VERSION "4.2"
| #define PACKAGE_STRING "dosfstools 4.2"
| #define PACKAGE_BUGREPORT ""
| #define PACKAGE_URL ""
| #define PACKAGE "dosfstools"
| #define VERSION "4.2"
| /* end confdefs.h.  */
| #include <ac_nonexistent.h>
configure:4063: checking for grep that handles long lines and -e
configure:4121: result: /usr/bin/grep
configure:4126: checking for egrep
configure:4188: result: /usr/bin/grep -E
configure:4193: checking for ANSI C header files
configure:4213: gcc -c -g -O2  conftest.c >&5
configure:4213: $? = 0
configure:4286: gcc -o conftest -g -O2   conftest.c  >&5
configure:4286: $? = 0
configure:4286: ./conftest
configure:4286: $? = 0
configure:4297: result: yes
configure:4310: checking for sys/types.h
configure:4310: gcc -c -g -O2  conftest.c >&5
configure:4310: $? = 0
configure:4310: result: yes
configure:4310: checking for sys/stat.h
configure:4310: gcc -c -g -O2  conftest.c >&5
configure:4310: $? = 0
configure:4310: result: yes
configure:4310: checking for stdlib.h
configure:4310: gcc -c -g -O2  conftest.c >&5
configure:4310: $? = 0
configure:4310: result: yes
configure:4310: checking for string.h
configure:4310: gcc -c -g -O2  conftest.c >&5
configure:4310: $? = 0
configure:4310: result: yes
configure:4310: checking for memory.h
configure:4310: gcc -c -g -O2  conftest.c >&5
configure:4310: $? = 0
configure:4310: result: yes
configure:4310: checking for strings.h
configure:4310: gcc -c -g -O2  conftest.c >&5
configure:4310: $? = 0
configure:4310: result: yes
configure:4310: checking for inttypes.h
configure:4310: gcc -c -g -O2  conftest.c >&5
configure:4310: $? = 0
configure:4310: result: yes
configure:4310: checking for stdint.h
configure:4310: gcc -c -g -O2  conftest.c >&5
configure:4310: $? = 0
configure:4310: result: yes
configure:4310: checking for unistd.h
configure:4310: gcc -c -g -O2  conftest.c >&5
configure:4310: $? = 0
configure:4310: result: yes
configure:4323: checking minix/config.h usability
configure:4323: gcc -c -g -O2  conftest.c >&5
conftest.c:54:10: fatal error: minix/config.h: No such file or directory
   54 | #include <minix/config.h>
      |          ^~~~~~~~~~~~~~~~
compilation terminated.
configure:4323: $? = 1
configure: failed program was:
| /* confdefs.h */
| #define PACKAGE_NAME "dosfstools"
| #define PACKAGE_TARNAME "dosfstools"
| #define PACKAGE_VERSION "4.2"
| #define PACKAGE_STRING "dosfstools 4.2"
| #define PACKAGE_BUGREPORT ""
| #define PACKAGE_URL ""
| #define PACKAGE "dosfstools"
| #define VERSION "4.2"
| #define STDC_HEADERS 1
| #define HAVE_SYS_TYPES_H 1
| #define HAVE_SYS_STAT_H 1
| #define HAVE_STDLIB_H 1
| #define HAVE_STRING_H 1
| #define HAVE_MEMORY_H 1
| #define HAVE_STRINGS_H 1
| #define HAVE_INTTYPES_H 1
| #define HAVE_STDINT_H 1
| #define HAVE_UNISTD_H 1
| /* end confdefs.h.  */
| #include <stdio.h>
| #ifdef HAVE_SYS_TYPES_H
| # include <sys/types.h>
| #endif
| #ifdef HAVE_SYS_STAT_H
| # include <sys/stat.h>
| #endif
| #ifdef STDC_HEADERS
| # include <stdlib.h>
| # include <stddef.h>
| #else
| # ifdef HAVE_STDLIB_H
| #  include <stdlib.h>
| # endif
| #endif
| #ifdef HAVE_STRING_H
| # if !defined STDC_HEADERS && defined HAVE_MEMORY_H
| #  include <memory.h>
| # endif
| # include <string.h>
| #endif
| #ifdef HAVE_STRINGS_H
| # include <strings.h>
| #endif
| #ifdef HAVE_INTTYPES_H
| # include <inttypes.h>
| #endif
| #ifdef HAVE_STDINT_H
| # include <stdint.h>
| #endif
| #ifdef HAVE_UNISTD_H
| # include <unistd.h>
| #endif
| #include <minix/config.h>
configure:4323: result: no
configure:4323: checking minix/config.h presence
configure:4323: gcc -E  conftest.c
conftest.c:21:10: fatal error: minix/config.h: No such file or directory
   21 | #include <minix/config.h>
      |          ^~~~~~~~~~~~~~~~
compilation terminated.
configure:4323: $? = 1
configure: failed program was:
| /* confdefs.h */
| #define PACKAGE_NAME "dosfstools"
| #define PACKAGE_TARNAME "dosfstools"
| #define PACKAGE_VERSION "4.2"
| #define PACKAGE_STRING "dosfstools 4.2"
| #define PACKAGE_BUGREPORT ""
| #define PACKAGE_URL ""
| #define PACKAGE "dosfstools"
| #define VERSION "4.2"
| #define STDC_HEADERS 1
| #define HAVE_SYS_TYPES_H 1
| #define HAVE_SYS_STAT_H 1
| #define HAVE_STDLIB_H 1
| #define HAVE_STRING_H 1
| #define HAVE_MEMORY_H 1
| #define HAVE_STRINGS_H 1
| #define HAVE_INTTYPES_H 1
| #define HAVE_STDINT_H 1
| #define HAVE_UNISTD_H 1
| /* end confdefs.h.  */
| #include <minix/config.h>
configure:4323: result: no
configure:4323: checking for minix/config.h
configure:4323: result: no
configure:4344: checking whether it is safe to define __EXTENSIONS__
configure:4362: gcc -c -g -O2  conftest.c >&5
configure:4362: $? = 0
configure:4369: result: yes
configure:4432: checking for gcc
configure:4459: result: gcc
configure:4688: checking for C compiler version
configure:4697: gcc --version >&5
gcc (Ubuntu 11.3.0-1ubuntu1~22.04) 11.3.0
Copyright (C) 2021 Free Software Foundation, Inc.
This is free software; see the source for copying conditions.  There is NO
warranty; not even for MERCHANTABILITY or FITNESS FOR A PARTICULAR PURPOSE.

configure:4708: $? = 0
configure:4697: gcc -v >&5
Using built-in specs.
COLLECT_GCC=gcc
COLLECT_LTO_WRAPPER=/usr/lib/gcc/x86_64-linux-gnu/11/lto-wrapper
OFFLOAD_TARGET_NAMES=nvptx-none:amdgcn-amdhsa
OFFLOAD_TARGET_DEFAULT=1
Target: x86_64-linux-gnu
Configured with: ../src/configure -v --with-pkgversion='Ubuntu 11.3.0-1ubuntu1~22.04' --with-bugurl=file:///usr/share/doc/gcc-11/README.Bugs --enable-languages=c,ada,c++,go,brig,d,fortran,objc,obj-c++,m2 --prefix=/usr --with-gcc-major-version-only --program-suffix=-11 --program-prefix=x86_64-linux-gnu- --enable-shared --enable-linker-build-id --libexecdir=/usr/lib --without-included-gettext --enable-threads=posix --libdir=/usr/lib --enable-nls --enable-bootstrap --enable-clocale=gnu --enable-libstdcxx-debug --enable-libstdcxx-time=yes --with-default-libstdcxx-abi=new --enable-gnu-unique-object --disable-vtable-verify --enable-plugin --enable-default-pie --with-system-zlib --enable-libphobos-checking=release --with-target-system-zlib=auto --enable-objc-gc=auto --enable-multiarch --disable-werror --enable-cet --with-arch-32=i686 --with-abi=m64 --with-multilib-list=m32,m64,mx32 --enable-multilib --with-tune=generic --enable-offload-targets=nvptx-none=/build/gcc-11-xKiWfi/gcc-11-11.3.0/debian/tmp-nvptx/usr,amdgcn-amdhsa=/build/gcc-11-xKiWfi/gcc-11-11.3.0/debian/tmp-gcn/usr --without-cuda-driver --enable-checking=release --build=x86_64-linux-gnu --host=x86_64-linux-gnu --target=x86_64-linux-gnu --with-build-config=bootstrap-lto-lean --enable-link-serialization=2
Thread model: posix
Supported LTO compression algorithms: zlib zstd
gcc version 11.3.0 (Ubuntu 11.3.0-1ubuntu1~22.04) 
... rest of stderr output deleted ...
configure:4708: $? = 0
configure:4697: gcc -V >&5
gcc: error: unrecognized command-line option '-V'
gcc: fatal error: no input files
compilation terminated.
configure:4708: $? = 1
configure:4697: gcc -qversion >&5
gcc: error: unrecognized command-line option '-qversion'; did you mean '--version'?
gcc: fatal error: no input files
compilation terminated.
configure:4708: $? = 1
configure:4712: checking whether we are using the GNU C compiler
configure:4740: result: yes
configure:4749: checking whether gcc accepts -g
configure:4810: result: yes
configure:4827: checking for gcc option to accept ISO C89
configure:4903: result: none needed
configure:4928: checking whether gcc understands -c and -o together
configure:4965: result: yes
configure:4984: checking dependency style of gcc
configure:5095: result: none
configure:5110: checking whether ln -s works
configure:5114: result: yes
configure:5129: checking for special C compiler options needed for large files
configure:5174: result: no
configure:5180: checking for _FILE_OFFSET_BITS value needed for large files
configure:5205: gcc -c -g -O2  conftest.c >&5
configure:5205: $? = 0
configure:5237: result: no
configure:5337: checking err.h usability
configure:5337: gcc -c -g -O2  conftest.c >&5
configure:5337: $? = 0
configure:5337: result: yes
configure:5337: checking err.h presence
configure:5337: gcc -E  conftest.c
configure:5337: $? = 0
configure:5337: result: yes
configure:5337: checking for err.h
configure:5337: result: yes
configure:5337: checking linux/fd.h usability
configure:5337: gcc -c -g -O2  conftest.c >&5
configure:5337: $? = 0
configure:5337: result: yes
configure:5337: checking linux/fd.h presence
configure:5337: gcc -E  conftest.c
configure:5337: $? = 0
configure:5337: result: yes
configure:5337: checking for linux/fd.h
configure:5337: result: yes
configure:5337: checking linux/hdreg.h usability
configure:5337: gcc -c -g -O2  conftest.c >&5
configure:5337: $? = 0
configure:5337: result: yes
configure:5337: checking linux/hdreg.h presence
configure:5337: gcc -E  conftest.c
configure:5337: $? = 0
configure:5337: result: yes
configure:5337: checking for linux/hdreg.h
configure:5337: result: yes
configure:5337: checking linux/version.h usability
configure:5337: gcc -c -g -O2  conftest.c >&5
configure:5337: $? = 0
configure:5337: result: yes
configure:5337: checking linux/version.h presence
configure:5337: gcc -E  conftest.c
configure:5337: $? = 0
configure:5337: result: yes
configure:5337: checking for linux/version.h
configure:5337: result: yes
configure:5337: checking linux/loop.h usability
configure:5337: gcc -c -g -O2  conftest.c >&5
configure:5337: $? = 0
configure:5337: result: yes
configure:5337: checking linux/loop.h presence
configure:5337: gcc -E  conftest.c
configure:5337: $? = 0
configure:5337: result: yes
configure:5337: checking for linux/loop.h
configure:5337: result: yes
configure:5337: checking sys/disk.h usability
configure:5337: gcc -c -g -O2  conftest.c >&5
conftest.c:64:10: fatal error: sys/disk.h: No such file or directory
   64 | #include <sys/disk.h>
      |          ^~~~~~~~~~~~
compilation terminated.
configure:5337: $? = 1
configure: failed program was:
| /* confdefs.h */
| #define PACKAGE_NAME "dosfstools"
| #define PACKAGE_TARNAME "dosfstools"
| #define PACKAGE_VERSION "4.2"
| #define PACKAGE_STRING "dosfstools 4.2"
| #define PACKAGE_BUGREPORT ""
| #define PACKAGE_URL ""
| #define PACKAGE "dosfstools"
| #define VERSION "4.2"
| #define STDC_HEADERS 1
| #define HAVE_SYS_TYPES_H 1
| #define HAVE_SYS_STAT_H 1
| #define HAVE_STDLIB_H 1
| #define HAVE_STRING_H 1
| #define HAVE_MEMORY_H 1
| #define HAVE_STRINGS_H 1
| #define HAVE_INTTYPES_H 1
| #define HAVE_STDINT_H 1
| #define HAVE_UNISTD_H 1
| #define __EXTENSIONS__ 1
| #define _ALL_SOURCE 1
| #define _GNU_SOURCE 1
| #define _POSIX_PTHREAD_SEMANTICS 1
| #define _TANDEM_SOURCE 1
| #define HAVE_ERR_H 1
| #define HAVE_LINUX_FD_H 1
| #define HAVE_LINUX_HDREG_H 1
| #define HAVE_LINUX_VERSION_H 1
| #define HAVE_LINUX_LOOP_H 1
| /* end confdefs.h.  */
| #include <stdio.h>
| #ifdef HAVE_SYS_TYPES_H
| # include <sys/types.h>
| #endif
| #ifdef HAVE_SYS_STAT_H
| # include <sys/stat.h>
| #endif
| #ifdef STDC_HEADERS
| # include <stdlib.h>
| # include <stddef.h>
| #else
| # ifdef HAVE_STDLIB_H
| #  include <stdlib.h>
| # endif
| #endif
| #ifdef HAVE_STRING_H
| # if !defined STDC_HEADERS && defined HAVE_MEMORY_H
| #  include <memory.h>
| # endif
| # include <string.h>
| #endif
| #ifdef HAVE_STRINGS_H
| # include <strings.h>
| #endif
| #ifdef HAVE_INTTYPES_H
| # include <inttypes.h>
| #endif
| #ifdef HAVE_STDINT_H
| # include <stdint.h>
| #endif
| #ifdef HAVE_UNISTD_H
| # include <unistd.h>
| #endif
| #include <sys/disk.h>
configure:5337: result: no
configure:5337: checking sys/disk.h presence
configure:5337: gcc -E  conftest.c
conftest.c:31:10: fatal error: sys/disk.h: No such file or directory
   31 | #include <sys/disk.h>
      |          ^~~~~~~~~~~~
compilation terminated.
configure:5337: $? = 1
configure: failed program was:
| /* confdefs.h */
| #define PACKAGE_NAME "dosfstools"
| #define PACKAGE_TARNAME "dosfstools"
| #define PACKAGE_VERSION "4.2"
| #define PACKAGE_STRING "dosfstools 4.2"
| #define PACKAGE_BUGREPORT ""
| #define PACKAGE_URL ""
| #define PACKAGE "dosfstools"
| #define VERSION "4.2"
| #define STDC_HEADERS 1
| #define HAVE_SYS_TYPES_H 1
| #define HAVE_SYS_STAT_H 1
| #define HAVE_STDLIB_H 1
| #define HAVE_STRING_H 1
| #define HAVE_MEMORY_H 1
| #define HAVE_STRINGS_H 1
| #define HAVE_INTTYPES_H 1
| #define HAVE_STDINT_H 1
| #define HAVE_UNISTD_H 1
| #define __EXTENSIONS__ 1
| #define _ALL_SOURCE 1
| #define _GNU_SOURCE 1
| #define _POSIX_PTHREAD_SEMANTICS 1
| #define _TANDEM_SOURCE 1
| #define HAVE_ERR_H 1
| #define HAVE_LINUX_FD_H 1
| #define HAVE_LINUX_HDREG_H 1
| #define HAVE_LINUX_VERSION_H 1
| #define HAVE_LINUX_LOOP_H 1
| /* end confdefs.h.  */
| #include <sys/disk.h>
configure:5337: result: no
configure:5337: checking for sys/disk.h
configure:5337: result: no
configure:5337: checking sys/disklabel.h usability
configure:5337: gcc -c -g -O2  conftest.c >&5
conftest.c:64:10: fatal error: sys/disklabel.h: No such file or directory
   64 | #include <sys/disklabel.h>
      |          ^~~~~~~~~~~~~~~~~
compilation terminated.
configure:5337: $? = 1
configure: failed program was:
| /* confdefs.h */
| #define PACKAGE_NAME "dosfstools"
| #define PACKAGE_TARNAME "dosfstools"
| #define PACKAGE_VERSION "4.2"
| #define PACKAGE_STRING "dosfstools 4.2"
| #define PACKAGE_BUGREPORT ""
| #define PACKAGE_URL ""
| #define PACKAGE "dosfstools"
| #define VERSION "4.2"
| #define STDC_HEADERS 1
| #define HAVE_SYS_TYPES_H 1
| #define HAVE_SYS_STAT_H 1
| #define HAVE_STDLIB_H 1
| #define HAVE_STRING_H 1
| #define HAVE_MEMORY_H 1
| #define HAVE_STRINGS_H 1
| #define HAVE_INTTYPES_H 1
| #define HAVE_STDINT_H 1
| #define HAVE_UNISTD_H 1
| #define __EXTENSIONS__ 1
| #define _ALL_SOURCE 1
| #define _GNU_SOURCE 1
| #define _POSIX_PTHREAD_SEMANTICS 1
| #define _TANDEM_SOURCE 1
| #define HAVE_ERR_H 1
| #define HAVE_LINUX_FD_H 1
| #define HAVE_LINUX_HDREG_H 1
| #define HAVE_LINUX_VERSION_H 1
| #define HAVE_LINUX_LOOP_H 1
| /* end confdefs.h.  */
| #include <stdio.h>
| #ifdef HAVE_SYS_TYPES_H
| # include <sys/types.h>
| #endif
| #ifdef HAVE_SYS_STAT_H
| # include <sys/stat.h>
| #endif
| #ifdef STDC_HEADERS
| # include <stdlib.h>
| # include <stddef.h>
| #else
| # ifdef HAVE_STDLIB_H
| #  include <stdlib.h>
| # endif
| #endif
| #ifdef HAVE_STRING_H
| # if !defined STDC_HEADERS && defined HAVE_MEMORY_H
| #  include <memory.h>
| # endif
| # include <string.h>
| #endif
| #ifdef HAVE_STRINGS_H
| # include <strings.h>
| #endif
| #ifdef HAVE_INTTYPES_H
| # include <inttypes.h>
| #endif
| #ifdef HAVE_STDINT_H
| # include <stdint.h>
| #endif
| #ifdef HAVE_UNISTD_H
| # include <unistd.h>
| #endif
| #include <sys/disklabel.h>
configure:5337: result: no
configure:5337: checking sys/disklabel.h presence
configure:5337: gcc -E  conftest.c
conftest.c:31:10: fatal error: sys/disklabel.h: No such file or directory
   31 | #include <sys/disklabel.h>
      |          ^~~~~~~~~~~~~~~~~
compilation terminated.
configure:5337: $? = 1
configure: failed program was:
| /* confdefs.h */
| #define PACKAGE_NAME "dosfstools"
| #define PACKAGE_TARNAME "dosfstools"
| #define PACKAGE_VERSION "4.2"
| #define PACKAGE_STRING "dosfstools 4.2"
| #define PACKAGE_BUGREPORT ""
| #define PACKAGE_URL ""
| #define PACKAGE "dosfstools"
| #define VERSION "4.2"
| #define STDC_HEADERS 1
| #define HAVE_SYS_TYPES_H 1
| #define HAVE_SYS_STAT_H 1
| #define HAVE_STDLIB_H 1
| #define HAVE_STRING_H 1
| #define HAVE_MEMORY_H 1
| #define HAVE_STRINGS_H 1
| #define HAVE_INTTYPES_H 1
| #define HAVE_STDINT_H 1
| #define HAVE_UNISTD_H 1
| #define __EXTENSIONS__ 1
| #define _ALL_SOURCE 1
| #define _GNU_SOURCE 1
| #define _POSIX_PTHREAD_SEMANTICS 1
| #define _TANDEM_SOURCE 1
| #define HAVE_ERR_H 1
| #define HAVE_LINUX_FD_H 1
| #define HAVE_LINUX_HDREG_H 1
| #define HAVE_LINUX_VERSION_H 1
| #define HAVE_LINUX_LOOP_H 1
| /* end confdefs.h.  */
| #include <sys/disklabel.h>
configure:5337: result: no
configure:5337: checking for sys/disklabel.h
configure:5337: result: no
configure:5337: checking sys/ioccom.h usability
configure:5337: gcc -c -g -O2  conftest.c >&5
conftest.c:64:10: fatal error: sys/ioccom.h: No such file or directory
   64 | #include <sys/ioccom.h>
      |          ^~~~~~~~~~~~~~
compilation terminated.
configure:5337: $? = 1
configure: failed program was:
| /* confdefs.h */
| #define PACKAGE_NAME "dosfstools"
| #define PACKAGE_TARNAME "dosfstools"
| #define PACKAGE_VERSION "4.2"
| #define PACKAGE_STRING "dosfstools 4.2"
| #define PACKAGE_BUGREPORT ""
| #define PACKAGE_URL ""
| #define PACKAGE "dosfstools"
| #define VERSION "4.2"
| #define STDC_HEADERS 1
| #define HAVE_SYS_TYPES_H 1
| #define HAVE_SYS_STAT_H 1
| #define HAVE_STDLIB_H 1
| #define HAVE_STRING_H 1
| #define HAVE_MEMORY_H 1
| #define HAVE_STRINGS_H 1
| #define HAVE_INTTYPES_H 1
| #define HAVE_STDINT_H 1
| #define HAVE_UNISTD_H 1
| #define __EXTENSIONS__ 1
| #define _ALL_SOURCE 1
| #define _GNU_SOURCE 1
| #define _POSIX_PTHREAD_SEMANTICS 1
| #define _TANDEM_SOURCE 1
| #define HAVE_ERR_H 1
| #define HAVE_LINUX_FD_H 1
| #define HAVE_LINUX_HDREG_H 1
| #define HAVE_LINUX_VERSION_H 1
| #define HAVE_LINUX_LOOP_H 1
| /* end confdefs.h.  */
| #include <stdio.h>
| #ifdef HAVE_SYS_TYPES_H
| # include <sys/types.h>
| #endif
| #ifdef HAVE_SYS_STAT_H
| # include <sys/stat.h>
| #endif
| #ifdef STDC_HEADERS
| # include <stdlib.h>
| # include <stddef.h>
| #else
| # ifdef HAVE_STDLIB_H
| #  include <stdlib.h>
| # endif
| #endif
| #ifdef HAVE_STRING_H
| # if !defined STDC_HEADERS && defined HAVE_MEMORY_H
| #  include <memory.h>
| # endif
| # include <string.h>
| #endif
| #ifdef HAVE_STRINGS_H
| # include <strings.h>
| #endif
| #ifdef HAVE_INTTYPES_H
| # include <inttypes.h>
| #endif
| #ifdef HAVE_STDINT_H
| # include <stdint.h>
| #endif
| #ifdef HAVE_UNISTD_H
| # include <unistd.h>
| #endif
| #include <sys/ioccom.h>
configure:5337: result: no
configure:5337: checking sys/ioccom.h presence
configure:5337: gcc -E  conftest.c
conftest.c:31:10: fatal error: sys/ioccom.h: No such file or directory
   31 | #include <sys/ioccom.h>
      |          ^~~~~~~~~~~~~~
compilation terminated.
configure:5337: $? = 1
configure: failed program was:
| /* confdefs.h */
| #define PACKAGE_NAME "dosfstools"
| #define PACKAGE_TARNAME "dosfstools"
| #define PACKAGE_VERSION "4.2"
| #define PACKAGE_STRING "dosfstools 4.2"
| #define PACKAGE_BUGREPORT ""
| #define PACKAGE_URL ""
| #define PACKAGE "dosfstools"
| #define VERSION "4.2"
| #define STDC_HEADERS 1
| #define HAVE_SYS_TYPES_H 1
| #define HAVE_SYS_STAT_H 1
| #define HAVE_STDLIB_H 1
| #define HAVE_STRING_H 1
| #define HAVE_MEMORY_H 1
| #define HAVE_STRINGS_H 1
| #define HAVE_INTTYPES_H 1
| #define HAVE_STDINT_H 1
| #define HAVE_UNISTD_H 1
| #define __EXTENSIONS__ 1
| #define _ALL_SOURCE 1
| #define _GNU_SOURCE 1
| #define _POSIX_PTHREAD_SEMANTICS 1
| #define _TANDEM_SOURCE 1
| #define HAVE_ERR_H 1
| #define HAVE_LINUX_FD_H 1
| #define HAVE_LINUX_HDREG_H 1
| #define HAVE_LINUX_VERSION_H 1
| #define HAVE_LINUX_LOOP_H 1
| /* end confdefs.h.  */
| #include <sys/ioccom.h>
configure:5337: result: no
configure:5337: checking for sys/ioccom.h
configure:5337: result: no
configure:5337: checking sys/mkdev.h usability
configure:5337: gcc -c -g -O2  conftest.c >&5
conftest.c:64:10: fatal error: sys/mkdev.h: No such file or directory
   64 | #include <sys/mkdev.h>
      |          ^~~~~~~~~~~~~
compilation terminated.
configure:5337: $? = 1
configure: failed program was:
| /* confdefs.h */
| #define PACKAGE_NAME "dosfstools"
| #define PACKAGE_TARNAME "dosfstools"
| #define PACKAGE_VERSION "4.2"
| #define PACKAGE_STRING "dosfstools 4.2"
| #define PACKAGE_BUGREPORT ""
| #define PACKAGE_URL ""
| #define PACKAGE "dosfstools"
| #define VERSION "4.2"
| #define STDC_HEADERS 1
| #define HAVE_SYS_TYPES_H 1
| #define HAVE_SYS_STAT_H 1
| #define HAVE_STDLIB_H 1
| #define HAVE_STRING_H 1
| #define HAVE_MEMORY_H 1
| #define HAVE_STRINGS_H 1
| #define HAVE_INTTYPES_H 1
| #define HAVE_STDINT_H 1
| #define HAVE_UNISTD_H 1
| #define __EXTENSIONS__ 1
| #define _ALL_SOURCE 1
| #define _GNU_SOURCE 1
| #define _POSIX_PTHREAD_SEMANTICS 1
| #define _TANDEM_SOURCE 1
| #define HAVE_ERR_H 1
| #define HAVE_LINUX_FD_H 1
| #define HAVE_LINUX_HDREG_H 1
| #define HAVE_LINUX_VERSION_H 1
| #define HAVE_LINUX_LOOP_H 1
| /* end confdefs.h.  */
| #include <stdio.h>
| #ifdef HAVE_SYS_TYPES_H
| # include <sys/types.h>
| #endif
| #ifdef HAVE_SYS_STAT_H
| # include <sys/stat.h>
| #endif
| #ifdef STDC_HEADERS
| # include <stdlib.h>
| # include <stddef.h>
| #else
| # ifdef HAVE_STDLIB_H
| #  include <stdlib.h>
| # endif
| #endif
| #ifdef HAVE_STRING_H
| # if !defined STDC_HEADERS && defined HAVE_MEMORY_H
| #  include <memory.h>
| # endif
| # include <string.h>
| #endif
| #ifdef HAVE_STRINGS_H
| # include <strings.h>
| #endif
| #ifdef HAVE_INTTYPES_H
| # include <inttypes.h>
| #endif
| #ifdef HAVE_STDINT_H
| # include <stdint.h>
| #endif
| #ifdef HAVE_UNISTD_H
| # include <unistd.h>
| #endif
| #include <sys/mkdev.h>
configure:5337: result: no
configure:5337: checking sys/mkdev.h presence
configure:5337: gcc -E  conftest.c
conftest.c:31:10: fatal error: sys/mkdev.h: No such file or directory
   31 | #include <sys/mkdev.h>
      |          ^~~~~~~~~~~~~
compilation terminated.
configure:5337: $? = 1
configure: failed program was:
| /* confdefs.h */
| #define PACKAGE_NAME "dosfstools"
| #define PACKAGE_TARNAME "dosfstools"
| #define PACKAGE_VERSION "4.2"
| #define PACKAGE_STRING "dosfstools 4.2"
| #define PACKAGE_BUGREPORT ""
| #define PACKAGE_URL ""
| #define PACKAGE "dosfstools"
| #define VERSION "4.2"
| #define STDC_HEADERS 1
| #define HAVE_SYS_TYPES_H 1
| #define HAVE_SYS_STAT_H 1
| #define HAVE_STDLIB_H 1
| #define HAVE_STRING_H 1
| #define HAVE_MEMORY_H 1
| #define HAVE_STRINGS_H 1
| #define HAVE_INTTYPES_H 1
| #define HAVE_STDINT_H 1
| #define HAVE_UNISTD_H 1
| #define __EXTENSIONS__ 1
| #define _ALL_SOURCE 1
| #define _GNU_SOURCE 1
| #define _POSIX_PTHREAD_SEMANTICS 1
| #define _TANDEM_SOURCE 1
| #define HAVE_ERR_H 1
| #define HAVE_LINUX_FD_H 1
| #define HAVE_LINUX_HDREG_H 1
| #define HAVE_LINUX_VERSION_H 1
| #define HAVE_LINUX_LOOP_H 1
| /* end confdefs.h.  */
| #include <sys/mkdev.h>
configure:5337: result: no
configure:5337: checking for sys/mkdev.h
configure:5337: result: no
configure:5337: checking sys/queue.h usability
configure:5337: gcc -c -g -O2  conftest.c >&5
configure:5337: $? = 0
configure:5337: result: yes
configure:5337: checking sys/queue.h presence
configure:5337: gcc -E  conftest.c
configure:5337: $? = 0
configure:5337: result: yes
configure:5337: checking for sys/queue.h
configure:5337: result: yes
configure:5351: checking endian.h usability
configure:5351: gcc -c -g -O2  conftest.c >&5
configure:5351: $? = 0
configure:5351: result: yes
configure:5351: checking endian.h presence
configure:5351: gcc -E  conftest.c
configure:5351: $? = 0
configure:5351: result: yes
configure:5351: checking for endian.h
configure:5351: result: yes
configure:5351: checking sys/endian.h usability
configure:5351: gcc -c -g -O2  conftest.c >&5
conftest.c:66:10: fatal error: sys/endian.h: No such file or directory
   66 | #include <sys/endian.h>
      |          ^~~~~~~~~~~~~~
compilation terminated.
configure:5351: $? = 1
configure: failed program was:
| /* confdefs.h */
| #define PACKAGE_NAME "dosfstools"
| #define PACKAGE_TARNAME "dosfstools"
| #define PACKAGE_VERSION "4.2"
| #define PACKAGE_STRING "dosfstools 4.2"
| #define PACKAGE_BUGREPORT ""
| #define PACKAGE_URL ""
| #define PACKAGE "dosfstools"
| #define VERSION "4.2"
| #define STDC_HEADERS 1
| #define HAVE_SYS_TYPES_H 1
| #define HAVE_SYS_STAT_H 1
| #define HAVE_STDLIB_H 1
| #define HAVE_STRING_H 1
| #define HAVE_MEMORY_H 1
| #define HAVE_STRINGS_H 1
| #define HAVE_INTTYPES_H 1
| #define HAVE_STDINT_H 1
| #define HAVE_UNISTD_H 1
| #define __EXTENSIONS__ 1
| #define _ALL_SOURCE 1
| #define _GNU_SOURCE 1
| #define _POSIX_PTHREAD_SEMANTICS 1
| #define _TANDEM_SOURCE 1
| #define HAVE_ERR_H 1
| #define HAVE_LINUX_FD_H 1
| #define HAVE_LINUX_HDREG_H 1
| #define HAVE_LINUX_VERSION_H 1
| #define HAVE_LINUX_LOOP_H 1
| #define HAVE_SYS_QUEUE_H 1
| #define HAVE_ENDIAN_H 1
| /* end confdefs.h.  */
| #include <stdio.h>
| #ifdef HAVE_SYS_TYPES_H
| # include <sys/types.h>
| #endif
| #ifdef HAVE_SYS_STAT_H
| # include <sys/stat.h>
| #endif
| #ifdef STDC_HEADERS
| # include <stdlib.h>
| # include <stddef.h>
| #else
| # ifdef HAVE_STDLIB_H
| #  include <stdlib.h>
| # endif
| #endif
| #ifdef HAVE_STRING_H
| # if !defined STDC_HEADERS && defined HAVE_MEMORY_H
| #  include <memory.h>
| # endif
| # include <string.h>
| #endif
| #ifdef HAVE_STRINGS_H
| # include <strings.h>
| #endif
| #ifdef HAVE_INTTYPES_H
| # include <inttypes.h>
| #endif
| #ifdef HAVE_STDINT_H
| # include <stdint.h>
| #endif
| #ifdef HAVE_UNISTD_H
| # include <unistd.h>
| #endif
| #include <sys/endian.h>
configure:5351: result: no
configure:5351: checking sys/endian.h presence
configure:5351: gcc -E  conftest.c
conftest.c:33:10: fatal error: sys/endian.h: No such file or directory
   33 | #include <sys/endian.h>
      |          ^~~~~~~~~~~~~~
compilation terminated.
configure:5351: $? = 1
configure: failed program was:
| /* confdefs.h */
| #define PACKAGE_NAME "dosfstools"
| #define PACKAGE_TARNAME "dosfstools"
| #define PACKAGE_VERSION "4.2"
| #define PACKAGE_STRING "dosfstools 4.2"
| #define PACKAGE_BUGREPORT ""
| #define PACKAGE_URL ""
| #define PACKAGE "dosfstools"
| #define VERSION "4.2"
| #define STDC_HEADERS 1
| #define HAVE_SYS_TYPES_H 1
| #define HAVE_SYS_STAT_H 1
| #define HAVE_STDLIB_H 1
| #define HAVE_STRING_H 1
| #define HAVE_MEMORY_H 1
| #define HAVE_STRINGS_H 1
| #define HAVE_INTTYPES_H 1
| #define HAVE_STDINT_H 1
| #define HAVE_UNISTD_H 1
| #define __EXTENSIONS__ 1
| #define _ALL_SOURCE 1
| #define _GNU_SOURCE 1
| #define _POSIX_PTHREAD_SEMANTICS 1
| #define _TANDEM_SOURCE 1
| #define HAVE_ERR_H 1
| #define HAVE_LINUX_FD_H 1
| #define HAVE_LINUX_HDREG_H 1
| #define HAVE_LINUX_VERSION_H 1
| #define HAVE_LINUX_LOOP_H 1
| #define HAVE_SYS_QUEUE_H 1
| #define HAVE_ENDIAN_H 1
| /* end confdefs.h.  */
| #include <sys/endian.h>
configure:5351: result: no
configure:5351: checking for sys/endian.h
configure:5351: result: no
configure:5351: checking libkern/OSByteOrder.h usability
configure:5351: gcc -c -g -O2  conftest.c >&5
conftest.c:66:10: fatal error: libkern/OSByteOrder.h: No such file or directory
   66 | #include <libkern/OSByteOrder.h>
      |          ^~~~~~~~~~~~~~~~~~~~~~~
compilation terminated.
configure:5351: $? = 1
configure: failed program was:
| /* confdefs.h */
| #define PACKAGE_NAME "dosfstools"
| #define PACKAGE_TARNAME "dosfstools"
| #define PACKAGE_VERSION "4.2"
| #define PACKAGE_STRING "dosfstools 4.2"
| #define PACKAGE_BUGREPORT ""
| #define PACKAGE_URL ""
| #define PACKAGE "dosfstools"
| #define VERSION "4.2"
| #define STDC_HEADERS 1
| #define HAVE_SYS_TYPES_H 1
| #define HAVE_SYS_STAT_H 1
| #define HAVE_STDLIB_H 1
| #define HAVE_STRING_H 1
| #define HAVE_MEMORY_H 1
| #define HAVE_STRINGS_H 1
| #define HAVE_INTTYPES_H 1
| #define HAVE_STDINT_H 1
| #define HAVE_UNISTD_H 1
| #define __EXTENSIONS__ 1
| #define _ALL_SOURCE 1
| #define _GNU_SOURCE 1
| #define _POSIX_PTHREAD_SEMANTICS 1
| #define _TANDEM_SOURCE 1
| #define HAVE_ERR_H 1
| #define HAVE_LINUX_FD_H 1
| #define HAVE_LINUX_HDREG_H 1
| #define HAVE_LINUX_VERSION_H 1
| #define HAVE_LINUX_LOOP_H 1
| #define HAVE_SYS_QUEUE_H 1
| #define HAVE_ENDIAN_H 1
| /* end confdefs.h.  */
| #include <stdio.h>
| #ifdef HAVE_SYS_TYPES_H
| # include <sys/types.h>
| #endif
| #ifdef HAVE_SYS_STAT_H
| # include <sys/stat.h>
| #endif
| #ifdef STDC_HEADERS
| # include <stdlib.h>
| # include <stddef.h>
| #else
| # ifdef HAVE_STDLIB_H
| #  include <stdlib.h>
| # endif
| #endif
| #ifdef HAVE_STRING_H
| # if !defined STDC_HEADERS && defined HAVE_MEMORY_H
| #  include <memory.h>
| # endif
| # include <string.h>
| #endif
| #ifdef HAVE_STRINGS_H
| # include <strings.h>
| #endif
| #ifdef HAVE_INTTYPES_H
| # include <inttypes.h>
| #endif
| #ifdef HAVE_STDINT_H
| # include <stdint.h>
| #endif
| #ifdef HAVE_UNISTD_H
| # include <unistd.h>
| #endif
| #include <libkern/OSByteOrder.h>
configure:5351: result: no
configure:5351: checking libkern/OSByteOrder.h presence
configure:5351: gcc -E  conftest.c
conftest.c:33:10: fatal error: libkern/OSByteOrder.h: No such file or directory
   33 | #include <libkern/OSByteOrder.h>
      |          ^~~~~~~~~~~~~~~~~~~~~~~
compilation terminated.
configure:5351: $? = 1
configure: failed program was:
| /* confdefs.h */
| #define PACKAGE_NAME "dosfstools"
| #define PACKAGE_TARNAME "dosfstools"
| #define PACKAGE_VERSION "4.2"
| #define PACKAGE_STRING "dosfstools 4.2"
| #define PACKAGE_BUGREPORT ""
| #define PACKAGE_URL ""
| #define PACKAGE "dosfstools"
| #define VERSION "4.2"
| #define STDC_HEADERS 1
| #define HAVE_SYS_TYPES_H 1
| #define HAVE_SYS_STAT_H 1
| #define HAVE_STDLIB_H 1
| #define HAVE_STRING_H 1
| #define HAVE_MEMORY_H 1
| #define HAVE_STRINGS_H 1
| #define HAVE_INTTYPES_H 1
| #define HAVE_STDINT_H 1
| #define HAVE_UNISTD_H 1
| #define __EXTENSIONS__ 1
| #define _ALL_SOURCE 1
| #define _GNU_SOURCE 1
| #define _POSIX_PTHREAD_SEMANTICS 1
| #define _TANDEM_SOURCE 1
| #define HAVE_ERR_H 1
| #define HAVE_LINUX_FD_H 1
| #define HAVE_LINUX_HDREG_H 1
| #define HAVE_LINUX_VERSION_H 1
| #define HAVE_LINUX_LOOP_H 1
| #define HAVE_SYS_QUEUE_H 1
| #define HAVE_ENDIAN_H 1
| /* end confdefs.h.  */
| #include <libkern/OSByteOrder.h>
configure:5351: result: no
configure:5351: checking for libkern/OSByteOrder.h
configure:5351: result: no
configure:5364: checking for vasprintf
configure:5364: gcc -o conftest -g -O2   conftest.c  >&5
configure:5364: $? = 0
configure:5364: result: yes
configure:5374: checking whether getmntent is declared
configure:5374: gcc -c -g -O2  conftest.c >&5
configure:5374: $? = 0
configure:5374: result: yes
configure:5386: checking whether getmntinfo is declared
configure:5386: gcc -c -g -O2  conftest.c >&5
conftest.c: In function 'main':
conftest.c:44:10: error: 'getmntinfo' undeclared (first use in this function)
   44 |   (void) getmntinfo;
      |          ^~~~~~~~~~
conftest.c:44:10: note: each undeclared identifier is reported only once for each function it appears in
configure:5386: $? = 1
configure: failed program was:
| /* confdefs.h */
| #define PACKAGE_NAME "dosfstools"
| #define PACKAGE_TARNAME "dosfstools"
| #define PACKAGE_VERSION "4.2"
| #define PACKAGE_STRING "dosfstools 4.2"
| #define PACKAGE_BUGREPORT ""
| #define PACKAGE_URL ""
| #define PACKAGE "dosfstools"
| #define VERSION "4.2"
| #define STDC_HEADERS 1
| #define HAVE_SYS_TYPES_H 1
| #define HAVE_SYS_STAT_H 1
| #define HAVE_STDLIB_H 1
| #define HAVE_STRING_H 1
| #define HAVE_MEMORY_H 1
| #define HAVE_STRINGS_H 1
| #define HAVE_INTTYPES_H 1
| #define HAVE_STDINT_H 1
| #define HAVE_UNISTD_H 1
| #define __EXTENSIONS__ 1
| #define _ALL_SOURCE 1
| #define _GNU_SOURCE 1
| #define _POSIX_PTHREAD_SEMANTICS 1
| #define _TANDEM_SOURCE 1
| #define HAVE_ERR_H 1
| #define HAVE_LINUX_FD_H 1
| #define HAVE_LINUX_HDREG_H 1
| #define HAVE_LINUX_VERSION_H 1
| #define HAVE_LINUX_LOOP_H 1
| #define HAVE_SYS_QUEUE_H 1
| #define HAVE_ENDIAN_H 1
| #define HAVE_VASPRINTF 1
| #define HAVE_DECL_GETMNTENT 1
| /* end confdefs.h.  */
| #include <sys/mount.h>
| 
| int
| main ()
| {
| #ifndef getmntinfo
| #ifdef __cplusplus
|   (void) getmntinfo;
| #else
|   (void) getmntinfo;
| #endif
| #endif
| 
|   ;
|   return 0;
| }
configure:5386: result: no
configure:5411: checking build system type
configure:5425: result: x86_64-pc-linux-gnu
configure:5445: checking host system type
configure:5458: result: x86_64-pc-linux-gnu
configure:5519: checking for ld used by gcc
configure:5586: result: /usr/bin/ld
configure:5593: checking if the linker (/usr/bin/ld) is GNU ld
configure:5608: result: yes
configure:5615: checking for shared library run path origin
configure:5628: result: done
configure:6206: checking for iconv
configure:6230: gcc -o conftest -g -O2   conftest.c  >&5
configure:6230: $? = 0
configure:6264: result: yes
configure:6267: checking for working iconv
configure:6396: gcc -o conftest -g -O2   conftest.c  >&5
configure:6396: $? = 0
configure:6396: ./conftest
configure:6396: $? = 0
configure:6408: result: yes
configure:6436: checking for iconv declaration
configure:6465: gcc -c -g -O2  conftest.c >&5
configure:6465: $? = 0
configure:6476: result:
         extern size_t iconv (iconv_t cd, char * *inbuf, size_t *inbytesleft, char * *outbuf, size_t *outbytesleft);
configure:6492: checking for xxd
configure:6508: found /usr/bin/xxd
configure:6519: result: yes
configure:6678: checking that generated files are newer than configure
configure:6684: result: done
configure:6719: creating ./config.status

## ---------------------- ##
## Running config.status. ##
## ---------------------- ##

This file was extended by dosfstools config.status 4.2, which was
generated by GNU Autoconf 2.69.  Invocation command line was

  CONFIG_FILES    = 
  CONFIG_HEADERS  = 
  CONFIG_LINKS    = 
  CONFIG_COMMANDS = 
  $ ./config.status 

on linux-desktop

config.status:804: creating Makefile
config.status:804: creating src/Makefile
config.status:804: creating src/version.h
config.status:804: creating manpages/Makefile
config.status:804: creating manpages/mkfs.fat.8
config.status:804: creating manpages/fsck.fat.8
config.status:804: creating manpages/fatlabel.8
config.status:804: creating tests/Makefile
config.status:976: executing depfiles commands
config.status:1053: cd src       && sed -e '/# am--include-marker/d' Makefile         | make -f - am--depfiles
./config.status: line 1056: make: command not found
config.status:1058: $? = 127
config.status:1062: error: in `/home/joshua/Dev/woeusb-installer/dosfstools':
config.status:1064: error: Something went wrong bootstrapping makefile fragments
    for automatic dependency tracking.  Try re-running configure with the
    '--disable-dependency-tracking' option to at least be able to build
    the package (albeit without support for automatic dependency tracking).
See `config.log' for more details

## ---------------- ##
## Cache variables. ##
## ---------------- ##

ac_cv_build=x86_64-pc-linux-gnu
ac_cv_c_compiler_gnu=yes
ac_cv_env_CC_set=
ac_cv_env_CC_value=
ac_cv_env_CFLAGS_set=
ac_cv_env_CFLAGS_value=
ac_cv_env_CPPFLAGS_set=
ac_cv_env_CPPFLAGS_value=
ac_cv_env_CPP_set=
ac_cv_env_CPP_value=
ac_cv_env_LDFLAGS_set=
ac_cv_env_LDFLAGS_value=
ac_cv_env_LIBS_set=
ac_cv_env_LIBS_value=
ac_cv_env_build_alias_set=
ac_cv_env_build_alias_value=
ac_cv_env_host_alias_set=
ac_cv_env_host_alias_value=
ac_cv_env_target_alias_set=
ac_cv_env_target_alias_value=
ac_cv_func_vasprintf=yes
ac_cv_have_decl_getmntent=yes
ac_cv_have_decl_getmntinfo=no
ac_cv_header_endian_h=yes
ac_cv_header_err_h=yes
ac_cv_header_inttypes_h=yes
ac_cv_header_libkern_OSByteOrder_h=no
ac_cv_header_linux_fd_h=yes
ac_cv_header_linux_hdreg_h=yes
ac_cv_header_linux_loop_h=yes
ac_cv_header_linux_version_h=yes
ac_cv_header_memory_h=yes
ac_cv_header_minix_config_h=no
ac_cv_header_stdc=yes
ac_cv_header_stdint_h=yes
ac_cv_header_stdlib_h=yes
ac_cv_header_string_h=yes
ac_cv_header_strings_h=yes
ac_cv_header_sys_disk_h=no
ac_cv_header_sys_disklabel_h=no
ac_cv_header_sys_endian_h=no
ac_cv_header_sys_ioccom_h=no
ac_cv_header_sys_mkdev_h=no
ac_cv_header_sys_queue_h=yes
ac_cv_header_sys_stat_h=yes
ac_cv_header_sys_types_h=yes
ac_cv_header_unistd_h=yes
ac_cv_host=x86_64-pc-linux-gnu
ac_cv_objext=o
ac_cv_path_EGREP='/usr/bin/grep -E'
ac_cv_path_GREP=/usr/bin/grep
ac_cv_path_install='/usr/bin/install -c'
ac_cv_path_mkdir=/usr/bin/mkdir
ac_cv_prog_AWK=gawk
ac_cv_prog_CPP='gcc -E'
ac_cv_prog_XXD_FOUND=yes
ac_cv_prog_ac_ct_CC=gcc
ac_cv_prog_cc_c89=
ac_cv_prog_cc_g=yes
ac_cv_prog_make_make_set=no
ac_cv_safe_to_define___extensions__=yes
ac_cv_sys_file_offset_bits=no
ac_cv_sys_largefile_CC=no
acl_cv_hardcode_direct=no
acl_cv_hardcode_libdir_flag_spec='${wl}-rpath ${wl}$libdir'
acl_cv_hardcode_libdir_separator=
acl_cv_hardcode_minus_L=no
acl_cv_libext=a
acl_cv_libname_spec='lib$name'
acl_cv_library_names_spec='$libname$shrext'
acl_cv_path_LD=/usr/bin/ld
acl_cv_prog_gnu_ld=yes
acl_cv_rpath=done
acl_cv_shlibext=so
acl_cv_wl=-Wl,
am_cv_CC_dependencies_compiler_type=none
am_cv_func_iconv=yes
am_cv_func_iconv_works=yes
am_cv_lib_iconv=no
am_cv_make_support_nested_variables=no
am_cv_prog_cc_c_o=yes
am_cv_proto_iconv='extern size_t iconv (iconv_t cd, char * *inbuf, size_t *inbytesleft, char * *outbuf, size_t *outbytesleft);'
am_cv_proto_iconv_arg1=

## ----------------- ##
## Output variables. ##
## ----------------- ##

ACLOCAL='${SHELL} /home/joshua/Dev/woeusb-installer/dosfstools/missing aclocal-1.16'
AMDEPBACKSLASH='\'
AMDEP_FALSE='#'
AMDEP_TRUE=''
AMTAR='$${TAR-tar}'
AM_BACKSLASH='\'
AM_DEFAULT_V='1'
AM_DEFAULT_VERBOSITY='1'
AM_V='1'
AUTOCONF='${SHELL} /home/joshua/Dev/woeusb-installer/dosfstools/missing autoconf'
AUTOHEADER='${SHELL} /home/joshua/Dev/woeusb-installer/dosfstools/missing autoheader'
AUTOMAKE='${SHELL} /home/joshua/Dev/woeusb-installer/dosfstools/missing automake-1.16'
AUTOMAKE_TEST_COMPAT_FALSE=''
AUTOMAKE_TEST_COMPAT_TRUE='#'
AWK='gawk'
CC='gcc'
CCDEPMODE='depmode=none'
CFLAGS='-g -O2'
CHECKATARI='0'
COMPAT_SYMLINKS_FALSE=''
COMPAT_SYMLINKS_TRUE='#'
CPP='gcc -E'
CPPFLAGS=''
CYGPATH_W='echo'
DEFS='-DPACKAGE_NAME=\"dosfstools\" -DPACKAGE_TARNAME=\"dosfstools\" -DPACKAGE_VERSION=\"4.2\" -DPACKAGE_STRING=\"dosfstools\ 4.2\" -DPACKAGE_BUGREPORT=\"\" -DPACKAGE_URL=\"\" -DPACKAGE=\"dosfstools\" -DVERSION=\"4.2\" -DSTDC_HEADERS=1 -DHAVE_SYS_TYPES_H=1 -DHAVE_SYS_STAT_H=1 -DHAVE_STDLIB_H=1 -DHAVE_STRING_H=1 -DHAVE_MEMORY_H=1 -DHAVE_STRINGS_H=1 -DHAVE_INTTYPES_H=1 -DHAVE_STDINT_H=1 -DHAVE_UNISTD_H=1 -D__EXTENSIONS__=1 -D_ALL_SOURCE=1 -D_GNU_SOURCE=1 -D_POSIX_PTHREAD_SEMANTICS=1 -D_TANDEM_SOURCE=1 -DHAVE_ERR_H=1 -DHAVE_LINUX_FD_H=1 -DHAVE_LINUX_HDREG_H=1 -DHAVE_LINUX_VERSION_H=1 -DHAVE_LINUX_LOOP_H=1 -DHAVE_SYS_QUEUE_H=1 -DHAVE_ENDIAN_H=1 -DHAVE_VASPRINTF=1 -DHAVE_DECL_GETMNTENT=1 -DHAVE_DECL_GETMNTINFO=0 -DHAVE_ICONV=1 -DICONV_CONST='
DEPDIR='.deps'
ECHO_C=''
ECHO_N='-n'
ECHO_T=''
EGREP='/usr/bin/grep -E'
EXEEXT=''
GREP='/usr/bin/grep'
INSTALL_DATA='${INSTALL} -m 644'
INSTALL_PROGRAM='${INSTALL}'
INSTALL_SCRIPT='${INSTALL}'
INSTALL_STRIP_PROGRAM='$(install_sh) -c -s'
LDFLAGS=''
LIBICONV=''
LIBOBJS=''
LIBS=''
LN_S='ln -s'
LTLIBICONV=''
LTLIBOBJS=''
MAKEINFO='${SHELL} /home/joshua/Dev/woeusb-installer/dosfstools/missing makeinfo'
MKDIR_P='/usr/bin/mkdir -p'
OBJEXT='o'
PACKAGE='dosfstools'
PACKAGE_BUGREPORT=''
PACKAGE_NAME='dosfstools'
PACKAGE_STRING='dosfstools 4.2'
PACKAGE_TARNAME='dosfstools'
PACKAGE_URL=''
PACKAGE_VERSION='4.2'
PATH_SEPARATOR=':'
RELEASE_DATE='2021-01-31'
SET_MAKE='MAKE=make'
SHELL='/bin/bash'
STRIP=''
VERSION='4.2'
XXD_FOUND='yes'
ac_ct_CC='gcc'
am__EXEEXT_FALSE=''
am__EXEEXT_TRUE='#'
am__fastdepCC_FALSE=''
am__fastdepCC_TRUE='#'
am__include='#'
am__isrc=''
am__leading_dot='.'
am__nodep='_no'
am__quote=''
am__tar='$${TAR-tar} chof - "$$tardir"'
am__untar='$${TAR-tar} xf -'
bindir='${exec_prefix}/bin'
build='x86_64-pc-linux-gnu'
build_alias=''
build_cpu='x86_64'
build_os='linux-gnu'
build_vendor='pc'
datadir='${datarootdir}'
datarootdir='${prefix}/share'
docdir='${datarootdir}/doc/${PACKAGE_TARNAME}'
dvidir='${docdir}'
exec_prefix='${prefix}'
host='x86_64-pc-linux-gnu'
host_alias=''
host_cpu='x86_64'
host_os='linux-gnu'
host_vendor='pc'
htmldir='${docdir}'
includedir='${prefix}/include'
infodir='${datarootdir}/info'
install_sh='${SHELL} /home/joshua/Dev/woeusb-installer/dosfstools/install-sh'
libdir='${exec_prefix}/lib'
libexecdir='${exec_prefix}/libexec'
localedir='${datarootdir}/locale'
localstatedir='${prefix}/var'
mandir='${datarootdir}/man'
mkdir_p='$(MKDIR_P)'
oldincludedir='/usr/include'
pdfdir='${docdir}'
prefix='/usr/local'
program_transform_name='s,x,x,'
psdir='${docdir}'
runstatedir='${localstatedir}/run'
sbindir='${exec_prefix}/sbin'
sharedstatedir='${prefix}/com'
sysconfdir='${prefix}/etc'
target_alias=''

## ----------- ##
## confdefs.h. ##
## ----------- ##

/* confdefs.h */
#define PACKAGE_NAME "dosfstools"
#define PACKAGE_TARNAME "dosfstools"
#define PACKAGE_VERSION "4.2"
#define PACKAGE_STRING "dosfstools 4.2"
#define PACKAGE_BUGREPORT ""
#define PACKAGE_URL ""
#define PACKAGE "dosfstools"
#define VERSION "4.2"
#define STDC_HEADERS 1
#define HAVE_SYS_TYPES_H 1
#define HAVE_SYS_STAT_H 1
#define HAVE_STDLIB_H 1
#define HAVE_STRING_H 1
#define HAVE_MEMORY_H 1
#define HAVE_STRINGS_H 1
#define HAVE_INTTYPES_H 1
#define HAVE_STDINT_H 1
#define HAVE_UNISTD_H 1
#define __EXTENSIONS__ 1
#define _ALL_SOURCE 1
#define _GNU_SOURCE 1
#define _POSIX_PTHREAD_SEMANTICS 1
#define _TANDEM_SOURCE 1
#define HAVE_ERR_H 1
#define HAVE_LINUX_FD_H 1
#define HAVE_LINUX_HDREG_H 1
#define HAVE_LINUX_VERSION_H 1
#define HAVE_LINUX_LOOP_H 1
#define HAVE_SYS_QUEUE_H 1
#define HAVE_ENDIAN_H 1
#define HAVE_VASPRINTF 1
#define HAVE_DECL_GETMNTENT 1
#define HAVE_DECL_GETMNTINFO 0
#define HAVE_ICONV 1
#define ICONV_CONST 

configure: exit 1
