This file contains any messages produced by compilers while
running configure, to aid debugging if configure makes a mistake.

It was created by wimlib configure 1.13.6, which was
generated by GNU Autoconf 2.71.  Invocation command line was

  $ ./configure

## --------- ##
## Platform. ##
## --------- ##

hostname = linux-desktop
uname -m = x86_64
uname -r = 5.15.0-56-generic
uname -s = Linux
uname -v = #62-Ubuntu SMP Tue Nov 22 19:54:14 UTC 2022

/usr/bin/uname -p = x86_64
/bin/uname -X     = unknown

/bin/arch              = x86_64
/usr/bin/arch -k       = unknown
/usr/convex/getsysinfo = unknown
/usr/bin/hostinfo      = unknown
/bin/machine           = unknown
/usr/bin/oslevel       = unknown
/bin/universe          = unknown

PATH: /usr/local/sbin/
PATH: /usr/local/bin/
PATH: /usr/sbin/
PATH: /usr/bin/
PATH: /sbin/
PATH: /bin/
PATH: /snap/bin/


## ----------- ##
## Core tests. ##
## ----------- ##

configure:2596: looking for aux files: config.guess config.sub ltmain.sh ar-lib compile missing install-sh
configure:2609:  trying ./build-aux/
configure:2638:   ./build-aux/config.guess found
configure:2638:   ./build-aux/config.sub found
configure:2638:   ./build-aux/ltmain.sh found
configure:2638:   ./build-aux/ar-lib found
configure:2638:   ./build-aux/compile found
configure:2638:   ./build-aux/missing found
configure:2620:   ./build-aux/install-sh found
configure:2770: checking for a BSD-compatible install
configure:2843: result: /usr/bin/install -c
configure:2854: checking whether build environment is sane
configure:2909: result: yes
configure:3068: checking for a race-free mkdir -p
configure:3112: result: /usr/bin/mkdir -p
configure:3119: checking for gawk
configure:3140: found /usr/bin/gawk
configure:3151: result: gawk
configure:3162: checking whether make sets $(MAKE)
configure:3189: result: no
configure:3215: checking whether make supports nested variables
configure:3233: result: no
configure:3381: checking whether make supports nested variables
configure:3399: result: no
configure:3423: checking whether make supports the include directive
configure:3438: make -f confmf.GNU && cat confinc.out
./configure: line 3439: make: command not found
configure:3441: $? = 127
configure:3438: make -f confmf.BSD && cat confinc.out
./configure: line 3439: make: command not found
configure:3441: $? = 127
configure:3460: result: no
configure:3536: checking for gcc
configure:3557: found /usr/bin/gcc
configure:3568: result: gcc
configure:3921: checking for C compiler version
configure:3930: gcc --version >&5
gcc (Ubuntu 11.3.0-1ubuntu1~22.04) 11.3.0
Copyright (C) 2021 Free Software Foundation, Inc.
This is free software; see the source for copying conditions.  There is NO
warranty; not even for MERCHANTABILITY or FITNESS FOR A PARTICULAR PURPOSE.

configure:3941: $? = 0
configure:3930: gcc -v >&5
Using built-in specs.
COLLECT_GCC=gcc
COLLECT_LTO_WRAPPER=/usr/lib/gcc/x86_64-linux-gnu/11/lto-wrapper
OFFLOAD_TARGET_NAMES=nvptx-none:amdgcn-amdhsa
OFFLOAD_TARGET_DEFAULT=1
Target: x86_64-linux-gnu
Configured with: ../src/configure -v --with-pkgversion='Ubuntu 11.3.0-1ubuntu1~22.04' --with-bugurl=file:///usr/share/doc/gcc-11/README.Bugs --enable-languages=c,ada,c++,go,brig,d,fortran,objc,obj-c++,m2 --prefix=/usr --with-gcc-major-version-only --program-suffix=-11 --program-prefix=x86_64-linux-gnu- --enable-shared --enable-linker-build-id --libexecdir=/usr/lib --without-included-gettext --enable-threads=posix --libdir=/usr/lib --enable-nls --enable-bootstrap --enable-clocale=gnu --enable-libstdcxx-debug --enable-libstdcxx-time=yes --with-default-libstdcxx-abi=new --enable-gnu-unique-object --disable-vtable-verify --enable-plugin --enable-default-pie --with-system-zlib --enable-libphobos-checking=release --with-target-system-zlib=auto --enable-objc-gc=auto --enable-multiarch --disable-werror --enable-cet --with-arch-32=i686 --with-abi=m64 --with-multilib-list=m32,m64,mx32 --enable-multilib --with-tune=generic --enable-offload-targets=nvptx-none=/build/gcc-11-xKiWfi/gcc-11-11.3.0/debian/tmp-nvptx/usr,amdgcn-amdhsa=/build/gcc-11-xKiWfi/gcc-11-11.3.0/debian/tmp-gcn/usr --without-cuda-driver --enable-checking=release --build=x86_64-linux-gnu --host=x86_64-linux-gnu --target=x86_64-linux-gnu --with-build-config=bootstrap-lto-lean --enable-link-serialization=2
Thread model: posix
Supported LTO compression algorithms: zlib zstd
gcc version 11.3.0 (Ubuntu 11.3.0-1ubuntu1~22.04) 
... rest of stderr output deleted ...
configure:3941: $? = 0
configure:3930: gcc -V >&5
gcc: error: unrecognized command-line option '-V'
gcc: fatal error: no input files
compilation terminated.
configure:3941: $? = 1
configure:3930: gcc -qversion >&5
gcc: error: unrecognized command-line option '-qversion'; did you mean '--version'?
gcc: fatal error: no input files
compilation terminated.
configure:3941: $? = 1
configure:3930: gcc -version >&5
gcc: error: unrecognized command-line option '-version'
gcc: fatal error: no input files
compilation terminated.
configure:3941: $? = 1
configure:3961: checking whether the C compiler works
configure:3983: gcc    conftest.c  >&5
configure:3987: $? = 0
configure:4037: result: yes
configure:4040: checking for C compiler default output file name
configure:4042: result: a.out
configure:4048: checking for suffix of executables
configure:4055: gcc -o conftest    conftest.c  >&5
configure:4059: $? = 0
configure:4082: result: 
configure:4104: checking whether we are cross compiling
configure:4112: gcc -o conftest    conftest.c  >&5
configure:4116: $? = 0
configure:4123: ./conftest
configure:4127: $? = 0
configure:4142: result: no
configure:4147: checking for suffix of object files
configure:4170: gcc -c   conftest.c >&5
configure:4174: $? = 0
configure:4196: result: o
configure:4200: checking whether the compiler supports GNU C
configure:4220: gcc -c   conftest.c >&5
configure:4220: $? = 0
configure:4230: result: yes
configure:4241: checking whether gcc accepts -g
configure:4262: gcc -c -g  conftest.c >&5
configure:4262: $? = 0
configure:4306: result: yes
configure:4326: checking for gcc option to enable C11 features
configure:4341: gcc  -c -g -O2  conftest.c >&5
configure:4341: $? = 0
configure:4359: result: none needed
configure:4475: checking whether gcc understands -c and -o together
configure:4498: gcc -c conftest.c -o conftest2.o
configure:4501: $? = 0
configure:4498: gcc -c conftest.c -o conftest2.o
configure:4501: $? = 0
configure:4513: result: yes
configure:4532: checking dependency style of gcc
configure:4644: result: none
configure:4664: checking for stdio.h
configure:4664: gcc -c -g -O2  conftest.c >&5
configure:4664: $? = 0
configure:4664: result: yes
configure:4664: checking for stdlib.h
configure:4664: gcc -c -g -O2  conftest.c >&5
configure:4664: $? = 0
configure:4664: result: yes
configure:4664: checking for string.h
configure:4664: gcc -c -g -O2  conftest.c >&5
configure:4664: $? = 0
configure:4664: result: yes
configure:4664: checking for inttypes.h
configure:4664: gcc -c -g -O2  conftest.c >&5
configure:4664: $? = 0
configure:4664: result: yes
configure:4664: checking for stdint.h
configure:4664: gcc -c -g -O2  conftest.c >&5
configure:4664: $? = 0
configure:4664: result: yes
configure:4664: checking for strings.h
configure:4664: gcc -c -g -O2  conftest.c >&5
configure:4664: $? = 0
configure:4664: result: yes
configure:4664: checking for sys/stat.h
configure:4664: gcc -c -g -O2  conftest.c >&5
configure:4664: $? = 0
configure:4664: result: yes
configure:4664: checking for sys/types.h
configure:4664: gcc -c -g -O2  conftest.c >&5
configure:4664: $? = 0
configure:4664: result: yes
configure:4664: checking for unistd.h
configure:4664: gcc -c -g -O2  conftest.c >&5
configure:4664: $? = 0
configure:4664: result: yes
configure:4689: checking whether byte ordering is bigendian
configure:4705: gcc -c -g -O2  conftest.c >&5
conftest.c:22:16: error: unknown type name 'not'
   22 |                not a universal capable compiler
      |                ^~~
conftest.c:22:22: error: expected '=', ',', ';', 'asm' or '__attribute__' before 'universal'
   22 |                not a universal capable compiler
      |                      ^~~~~~~~~
conftest.c:22:22: error: unknown type name 'universal'
configure:4705: $? = 1
configure: failed program was:
| /* confdefs.h */
| #define PACKAGE_NAME "wimlib"
| #define PACKAGE_TARNAME "wimlib"
| #define PACKAGE_VERSION "1.13.6"
| #define PACKAGE_STRING "wimlib 1.13.6"
| #define PACKAGE_BUGREPORT "https://wimlib.net/forums/"
| #define PACKAGE_URL ""
| #define PACKAGE "wimlib"
| #define VERSION "1.13.6"
| #define HAVE_STDIO_H 1
| #define HAVE_STDLIB_H 1
| #define HAVE_STRING_H 1
| #define HAVE_INTTYPES_H 1
| #define HAVE_STDINT_H 1
| #define HAVE_STRINGS_H 1
| #define HAVE_SYS_STAT_H 1
| #define HAVE_SYS_TYPES_H 1
| #define HAVE_UNISTD_H 1
| #define STDC_HEADERS 1
| /* end confdefs.h.  */
| #ifndef __APPLE_CC__
| 	       not a universal capable compiler
| 	     #endif
| 	     typedef int dummy;
| 
configure:4751: gcc -c -g -O2  conftest.c >&5
configure:4751: $? = 0
configure:4770: gcc -c -g -O2  conftest.c >&5
conftest.c: In function 'main':
conftest.c:28:18: error: unknown type name 'not'; did you mean 'ino_t'?
   28 |                  not big endian
      |                  ^~~
      |                  ino_t
conftest.c:28:26: error: expected '=', ',', ';', 'asm' or '__attribute__' before 'endian'
   28 |                  not big endian
      |                          ^~~~~~
configure:4770: $? = 1
configure: failed program was:
| /* confdefs.h */
| #define PACKAGE_NAME "wimlib"
| #define PACKAGE_TARNAME "wimlib"
| #define PACKAGE_VERSION "1.13.6"
| #define PACKAGE_STRING "wimlib 1.13.6"
| #define PACKAGE_BUGREPORT "https://wimlib.net/forums/"
| #define PACKAGE_URL ""
| #define PACKAGE "wimlib"
| #define VERSION "1.13.6"
| #define HAVE_STDIO_H 1
| #define HAVE_STDLIB_H 1
| #define HAVE_STRING_H 1
| #define HAVE_INTTYPES_H 1
| #define HAVE_STDINT_H 1
| #define HAVE_STRINGS_H 1
| #define HAVE_SYS_STAT_H 1
| #define HAVE_SYS_TYPES_H 1
| #define HAVE_UNISTD_H 1
| #define STDC_HEADERS 1
| /* end confdefs.h.  */
| #include <sys/types.h>
| 		#include <sys/param.h>
| 
| int
| main (void)
| {
| #if BYTE_ORDER != BIG_ENDIAN
| 		 not big endian
| 		#endif
| 
|   ;
|   return 0;
| }
configure:4904: result: no
configure:4977: checking for ar
configure:4998: found /usr/bin/ar
configure:5009: result: ar
configure:5035: checking the archiver (ar) interface
configure:5052: gcc -c -g -O2  conftest.c >&5
configure:5052: $? = 0
configure:5055: ar cru libconftest.a conftest.o >&5
ar: `u' modifier ignored since `D' is the default (see `U')
configure:5058: $? = 0
configure:5086: result: ar
configure:5138: checking build system type
configure:5153: result: x86_64-pc-linux-gnu
configure:5173: checking host system type
configure:5187: result: x86_64-pc-linux-gnu
configure:5228: checking how to print strings
configure:5255: result: printf
configure:5276: checking for a sed that does not truncate output
configure:5346: result: /usr/bin/sed
configure:5364: checking for grep that handles long lines and -e
configure:5428: result: /usr/bin/grep
configure:5433: checking for egrep
configure:5501: result: /usr/bin/grep -E
configure:5506: checking for fgrep
configure:5574: result: /usr/bin/grep -F
configure:5610: checking for ld used by gcc
configure:5678: result: /usr/bin/ld
configure:5685: checking if the linker (/usr/bin/ld) is GNU ld
configure:5701: result: yes
configure:5713: checking for BSD- or MS-compatible name lister (nm)
configure:5768: result: /usr/bin/nm -B
configure:5908: checking the name lister (/usr/bin/nm -B) interface
configure:5916: gcc -c -g -O2  conftest.c >&5
configure:5919: /usr/bin/nm -B "conftest.o"
configure:5922: output
0000000000000000 B some_variable
configure:5929: result: BSD nm
configure:5932: checking whether ln -s works
configure:5936: result: yes
configure:5944: checking the maximum length of command line arguments
configure:6076: result: 1572864
configure:6124: checking how to convert x86_64-pc-linux-gnu file names to x86_64-pc-linux-gnu format
configure:6165: result: func_convert_file_noop
configure:6172: checking how to convert x86_64-pc-linux-gnu file names to toolchain format
configure:6193: result: func_convert_file_noop
configure:6200: checking for /usr/bin/ld option to reload object files
configure:6208: result: -r
configure:6287: checking for file
configure:6308: found /usr/bin/file
configure:6319: result: file
configure:6395: checking for objdump
configure:6416: found /usr/bin/objdump
configure:6427: result: objdump
configure:6459: checking how to recognize dependent libraries
configure:6660: result: pass_all
configure:6750: checking for dlltool
configure:6785: result: no
configure:6815: checking how to associate runtime and link libraries
configure:6843: result: printf %s\n
configure:6993: checking for archiver @FILE support
configure:7011: gcc -c -g -O2  conftest.c >&5
configure:7011: $? = 0
configure:7015: ar cr libconftest.a @conftest.lst >&5
configure:7018: $? = 0
configure:7023: ar cr libconftest.a @conftest.lst >&5
ar: conftest.o: No such file or directory
configure:7026: $? = 1
configure:7038: result: @
configure:7101: checking for strip
configure:7122: found /usr/bin/strip
configure:7133: result: strip
configure:7210: checking for ranlib
configure:7231: found /usr/bin/ranlib
configure:7242: result: ranlib
configure:7344: checking command to parse /usr/bin/nm -B output from gcc object
configure:7498: gcc -c -g -O2  conftest.c >&5
configure:7501: $? = 0
configure:7505: /usr/bin/nm -B conftest.o \| /usr/bin/sed -n -e 's/^.*[ ]\([ABCDGIRSTW][ABCDGIRSTW]*\)[ ][ ]*\([_A-Za-z][_A-Za-z0-9]*\)$/\1 \2 \2/p' | /usr/bin/sed '/ __gnu_lto/d' \> conftest.nm
configure:7508: $? = 0
configure:7574: gcc -o conftest -g -O2   conftest.c conftstm.o >&5
configure:7577: $? = 0
configure:7615: result: ok
configure:7662: checking for sysroot
configure:7693: result: no
configure:7700: checking for a working dd
configure:7744: result: /usr/bin/dd
configure:7748: checking how to truncate binary pipes
configure:7764: result: /usr/bin/dd bs=4096 count=1
configure:7901: gcc -c -g -O2  conftest.c >&5
configure:7904: $? = 0
configure:8101: checking for mt
configure:8122: found /usr/bin/mt
configure:8133: result: mt
configure:8156: checking if mt is a manifest tool
configure:8163: mt '-?'
configure:8171: result: no
configure:8892: checking for dlfcn.h
configure:8892: gcc -c -g -O2  conftest.c >&5
configure:8892: $? = 0
configure:8892: result: yes
configure:9151: checking for objdir
configure:9167: result: .libs
configure:9431: checking if gcc supports -fno-rtti -fno-exceptions
configure:9450: gcc -c -g -O2  -fno-rtti -fno-exceptions conftest.c >&5
cc1: warning: command-line option '-fno-rtti' is valid for C++/D/ObjC++ but not for C
configure:9454: $? = 0
configure:9467: result: no
configure:9825: checking for gcc option to produce PIC
configure:9833: result: -fPIC -DPIC
configure:9841: checking if gcc PIC flag -fPIC -DPIC works
configure:9860: gcc -c -g -O2  -fPIC -DPIC -DPIC conftest.c >&5
configure:9864: $? = 0
configure:9877: result: yes
configure:9906: checking if gcc static flag -static works
configure:9935: result: yes
configure:9950: checking if gcc supports -c -o file.o
configure:9972: gcc -c -g -O2  -o out/conftest2.o conftest.c >&5
configure:9976: $? = 0
configure:9998: result: yes
configure:10006: checking if gcc supports -c -o file.o
configure:10054: result: yes
configure:10087: checking whether the gcc linker (/usr/bin/ld -m elf_x86_64) supports shared libraries
configure:11355: result: yes
configure:11392: checking whether -lc should be explicitly linked in
configure:11401: gcc -c -g -O2  conftest.c >&5
configure:11404: $? = 0
configure:11419: gcc -shared  -fPIC -DPIC conftest.o  -v -Wl,-soname -Wl,conftest -o conftest 2\>\&1 \| /usr/bin/grep  -lc  \>/dev/null 2\>\&1
configure:11422: $? = 0
configure:11436: result: no
configure:11596: checking dynamic linker characteristics
configure:12178: gcc -o conftest -g -O2   -Wl,-rpath -Wl,/foo conftest.c  >&5
configure:12178: $? = 0
configure:12417: result: GNU/Linux ld.so
configure:12539: checking how to hardcode library paths into programs
configure:12564: result: immediate
configure:13116: checking whether stripping libraries is possible
configure:13125: result: yes
configure:13167: checking if libtool supports shared libraries
configure:13169: result: yes
configure:13172: checking whether to build shared libraries
configure:13197: result: yes
configure:13200: checking whether to build static libraries
configure:13204: result: yes
configure:13309: checking for gcc
configure:13341: result: gcc
configure:13694: checking for C compiler version
configure:13703: gcc --version >&5
gcc (Ubuntu 11.3.0-1ubuntu1~22.04) 11.3.0
Copyright (C) 2021 Free Software Foundation, Inc.
This is free software; see the source for copying conditions.  There is NO
warranty; not even for MERCHANTABILITY or FITNESS FOR A PARTICULAR PURPOSE.

configure:13714: $? = 0
configure:13703: gcc -v >&5
Using built-in specs.
COLLECT_GCC=gcc
COLLECT_LTO_WRAPPER=/usr/lib/gcc/x86_64-linux-gnu/11/lto-wrapper
OFFLOAD_TARGET_NAMES=nvptx-none:amdgcn-amdhsa
OFFLOAD_TARGET_DEFAULT=1
Target: x86_64-linux-gnu
Configured with: ../src/configure -v --with-pkgversion='Ubuntu 11.3.0-1ubuntu1~22.04' --with-bugurl=file:///usr/share/doc/gcc-11/README.Bugs --enable-languages=c,ada,c++,go,brig,d,fortran,objc,obj-c++,m2 --prefix=/usr --with-gcc-major-version-only --program-suffix=-11 --program-prefix=x86_64-linux-gnu- --enable-shared --enable-linker-build-id --libexecdir=/usr/lib --without-included-gettext --enable-threads=posix --libdir=/usr/lib --enable-nls --enable-bootstrap --enable-clocale=gnu --enable-libstdcxx-debug --enable-libstdcxx-time=yes --with-default-libstdcxx-abi=new --enable-gnu-unique-object --disable-vtable-verify --enable-plugin --enable-default-pie --with-system-zlib --enable-libphobos-checking=release --with-target-system-zlib=auto --enable-objc-gc=auto --enable-multiarch --disable-werror --enable-cet --with-arch-32=i686 --with-abi=m64 --with-multilib-list=m32,m64,mx32 --enable-multilib --with-tune=generic --enable-offload-targets=nvptx-none=/build/gcc-11-xKiWfi/gcc-11-11.3.0/debian/tmp-nvptx/usr,amdgcn-amdhsa=/build/gcc-11-xKiWfi/gcc-11-11.3.0/debian/tmp-gcn/usr --without-cuda-driver --enable-checking=release --build=x86_64-linux-gnu --host=x86_64-linux-gnu --target=x86_64-linux-gnu --with-build-config=bootstrap-lto-lean --enable-link-serialization=2
Thread model: posix
Supported LTO compression algorithms: zlib zstd
gcc version 11.3.0 (Ubuntu 11.3.0-1ubuntu1~22.04) 
... rest of stderr output deleted ...
configure:13714: $? = 0
configure:13703: gcc -V >&5
gcc: error: unrecognized command-line option '-V'
gcc: fatal error: no input files
compilation terminated.
configure:13714: $? = 1
configure:13703: gcc -qversion >&5
gcc: error: unrecognized command-line option '-qversion'; did you mean '--version'?
gcc: fatal error: no input files
compilation terminated.
configure:13714: $? = 1
configure:13703: gcc -version >&5
gcc: error: unrecognized command-line option '-version'
gcc: fatal error: no input files
compilation terminated.
configure:13714: $? = 1
configure:13718: checking whether the compiler supports GNU C
configure:13748: result: yes
configure:13759: checking whether gcc accepts -g
configure:13824: result: yes
configure:13844: checking for gcc option to enable C11 features
configure:13877: result: none needed
configure:13993: checking whether gcc understands -c and -o together
configure:14031: result: yes
configure:14050: checking dependency style of gcc
configure:14162: result: none
configure:14224: checking for futimens
configure:14224: gcc -o conftest -g -O2   conftest.c  >&5
configure:14224: $? = 0
configure:14224: result: yes
configure:14230: checking for utimensat
configure:14230: gcc -o conftest -g -O2   conftest.c  >&5
configure:14230: $? = 0
configure:14230: result: yes
configure:14236: checking for flock
configure:14236: gcc -o conftest -g -O2   conftest.c  >&5
configure:14236: $? = 0
configure:14236: result: yes
configure:14242: checking for mempcpy
configure:14242: gcc -o conftest -g -O2   conftest.c  >&5
conftest.c:42:6: warning: conflicting types for built-in function 'mempcpy'; expected 'void *(void *, const void *, long unsigned int)' [-Wbuiltin-declaration-mismatch]
   42 | char mempcpy ();
      |      ^~~~~~~
configure:14242: $? = 0
configure:14242: result: yes
configure:14248: checking for openat
configure:14248: gcc -o conftest -g -O2   conftest.c  >&5
configure:14248: $? = 0
configure:14248: result: yes
configure:14254: checking for fstatat
configure:14254: gcc -o conftest -g -O2   conftest.c  >&5
configure:14254: $? = 0
configure:14254: result: yes
configure:14260: checking for readlinkat
configure:14260: gcc -o conftest -g -O2   conftest.c  >&5
configure:14260: $? = 0
configure:14260: result: yes
configure:14266: checking for fdopendir
configure:14266: gcc -o conftest -g -O2   conftest.c  >&5
configure:14266: $? = 0
configure:14266: result: yes
configure:14272: checking for posix_fallocate
configure:14272: gcc -o conftest -g -O2   conftest.c  >&5
configure:14272: $? = 0
configure:14272: result: yes
configure:14278: checking for llistxattr
configure:14278: gcc -o conftest -g -O2   conftest.c  >&5
configure:14278: $? = 0
configure:14278: result: yes
configure:14284: checking for lgetxattr
configure:14284: gcc -o conftest -g -O2   conftest.c  >&5
configure:14284: $? = 0
configure:14284: result: yes
configure:14290: checking for fsetxattr
configure:14290: gcc -o conftest -g -O2   conftest.c  >&5
configure:14290: $? = 0
configure:14290: result: yes
configure:14296: checking for lsetxattr
configure:14296: gcc -o conftest -g -O2   conftest.c  >&5
configure:14296: $? = 0
configure:14296: result: yes
configure:14302: checking for getopt_long_only
configure:14302: gcc -o conftest -g -O2   conftest.c  >&5
configure:14302: $? = 0
configure:14302: result: yes
configure:14312: checking for alloca.h
configure:14312: gcc -c -g -O2  conftest.c >&5
configure:14312: $? = 0
configure:14312: result: yes
configure:14318: checking for byteswap.h
configure:14318: gcc -c -g -O2  conftest.c >&5
configure:14318: $? = 0
configure:14318: result: yes
configure:14324: checking for endian.h
configure:14324: gcc -c -g -O2  conftest.c >&5
configure:14324: $? = 0
configure:14324: result: yes
configure:14330: checking for errno.h
configure:14330: gcc -c -g -O2  conftest.c >&5
configure:14330: $? = 0
configure:14330: result: yes
configure:14336: checking for glob.h
configure:14336: gcc -c -g -O2  conftest.c >&5
configure:14336: $? = 0
configure:14336: result: yes
configure:14342: checking for machine/endian.h
configure:14342: gcc -c -g -O2  conftest.c >&5
conftest.c:70:10: fatal error: machine/endian.h: No such file or directory
   70 | #include <machine/endian.h>
      |          ^~~~~~~~~~~~~~~~~~
compilation terminated.
configure:14342: $? = 1
configure: failed program was:
| /* confdefs.h */
| #define PACKAGE_NAME "wimlib"
| #define PACKAGE_TARNAME "wimlib"
| #define PACKAGE_VERSION "1.13.6"
| #define PACKAGE_STRING "wimlib 1.13.6"
| #define PACKAGE_BUGREPORT "https://wimlib.net/forums/"
| #define PACKAGE_URL ""
| #define PACKAGE "wimlib"
| #define VERSION "1.13.6"
| #define HAVE_STDIO_H 1
| #define HAVE_STDLIB_H 1
| #define HAVE_STRING_H 1
| #define HAVE_INTTYPES_H 1
| #define HAVE_STDINT_H 1
| #define HAVE_STRINGS_H 1
| #define HAVE_SYS_STAT_H 1
| #define HAVE_SYS_TYPES_H 1
| #define HAVE_UNISTD_H 1
| #define STDC_HEADERS 1
| #define HAVE_DLFCN_H 1
| #define LT_OBJDIR ".libs/"
| #define HAVE_FUTIMENS 1
| #define HAVE_UTIMENSAT 1
| #define HAVE_FLOCK 1
| #define HAVE_MEMPCPY 1
| #define HAVE_OPENAT 1
| #define HAVE_FSTATAT 1
| #define HAVE_READLINKAT 1
| #define HAVE_FDOPENDIR 1
| #define HAVE_POSIX_FALLOCATE 1
| #define HAVE_LLISTXATTR 1
| #define HAVE_LGETXATTR 1
| #define HAVE_FSETXATTR 1
| #define HAVE_LSETXATTR 1
| #define HAVE_GETOPT_LONG_ONLY 1
| #define HAVE_ALLOCA_H 1
| #define HAVE_BYTESWAP_H 1
| #define HAVE_ENDIAN_H 1
| #define HAVE_ERRNO_H 1
| #define HAVE_GLOB_H 1
| /* end confdefs.h.  */
| #include <stddef.h>
| #ifdef HAVE_STDIO_H
| # include <stdio.h>
| #endif
| #ifdef HAVE_STDLIB_H
| # include <stdlib.h>
| #endif
| #ifdef HAVE_STRING_H
| # include <string.h>
| #endif
| #ifdef HAVE_INTTYPES_H
| # include <inttypes.h>
| #endif
| #ifdef HAVE_STDINT_H
| # include <stdint.h>
| #endif
| #ifdef HAVE_STRINGS_H
| # include <strings.h>
| #endif
| #ifdef HAVE_SYS_TYPES_H
| # include <sys/types.h>
| #endif
| #ifdef HAVE_SYS_STAT_H
| # include <sys/stat.h>
| #endif
| #ifdef HAVE_UNISTD_H
| # include <unistd.h>
| #endif
| #include <machine/endian.h>
configure:14342: result: no
configure:14348: checking for stdarg.h
configure:14348: gcc -c -g -O2  conftest.c >&5
configure:14348: $? = 0
configure:14348: result: yes
configure:14354: checking for stddef.h
configure:14354: gcc -c -g -O2  conftest.c >&5
configure:14354: $? = 0
configure:14354: result: yes
configure:14360: checking for stdlib.h
configure:14360: result: yes
configure:14366: checking for sys/byteorder.h
configure:14366: gcc -c -g -O2  conftest.c >&5
conftest.c:73:10: fatal error: sys/byteorder.h: No such file or directory
   73 | #include <sys/byteorder.h>
      |          ^~~~~~~~~~~~~~~~~
compilation terminated.
configure:14366: $? = 1
configure: failed program was:
| /* confdefs.h */
| #define PACKAGE_NAME "wimlib"
| #define PACKAGE_TARNAME "wimlib"
| #define PACKAGE_VERSION "1.13.6"
| #define PACKAGE_STRING "wimlib 1.13.6"
| #define PACKAGE_BUGREPORT "https://wimlib.net/forums/"
| #define PACKAGE_URL ""
| #define PACKAGE "wimlib"
| #define VERSION "1.13.6"
| #define HAVE_STDIO_H 1
| #define HAVE_STDLIB_H 1
| #define HAVE_STRING_H 1
| #define HAVE_INTTYPES_H 1
| #define HAVE_STDINT_H 1
| #define HAVE_STRINGS_H 1
| #define HAVE_SYS_STAT_H 1
| #define HAVE_SYS_TYPES_H 1
| #define HAVE_UNISTD_H 1
| #define STDC_HEADERS 1
| #define HAVE_DLFCN_H 1
| #define LT_OBJDIR ".libs/"
| #define HAVE_FUTIMENS 1
| #define HAVE_UTIMENSAT 1
| #define HAVE_FLOCK 1
| #define HAVE_MEMPCPY 1
| #define HAVE_OPENAT 1
| #define HAVE_FSTATAT 1
| #define HAVE_READLINKAT 1
| #define HAVE_FDOPENDIR 1
| #define HAVE_POSIX_FALLOCATE 1
| #define HAVE_LLISTXATTR 1
| #define HAVE_LGETXATTR 1
| #define HAVE_FSETXATTR 1
| #define HAVE_LSETXATTR 1
| #define HAVE_GETOPT_LONG_ONLY 1
| #define HAVE_ALLOCA_H 1
| #define HAVE_BYTESWAP_H 1
| #define HAVE_ENDIAN_H 1
| #define HAVE_ERRNO_H 1
| #define HAVE_GLOB_H 1
| #define HAVE_STDARG_H 1
| #define HAVE_STDDEF_H 1
| #define HAVE_STDLIB_H 1
| /* end confdefs.h.  */
| #include <stddef.h>
| #ifdef HAVE_STDIO_H
| # include <stdio.h>
| #endif
| #ifdef HAVE_STDLIB_H
| # include <stdlib.h>
| #endif
| #ifdef HAVE_STRING_H
| # include <string.h>
| #endif
| #ifdef HAVE_INTTYPES_H
| # include <inttypes.h>
| #endif
| #ifdef HAVE_STDINT_H
| # include <stdint.h>
| #endif
| #ifdef HAVE_STRINGS_H
| # include <strings.h>
| #endif
| #ifdef HAVE_SYS_TYPES_H
| # include <sys/types.h>
| #endif
| #ifdef HAVE_SYS_STAT_H
| # include <sys/stat.h>
| #endif
| #ifdef HAVE_UNISTD_H
| # include <unistd.h>
| #endif
| #include <sys/byteorder.h>
configure:14366: result: no
configure:14372: checking for sys/endian.h
configure:14372: gcc -c -g -O2  conftest.c >&5
conftest.c:73:10: fatal error: sys/endian.h: No such file or directory
   73 | #include <sys/endian.h>
      |          ^~~~~~~~~~~~~~
compilation terminated.
configure:14372: $? = 1
configure: failed program was:
| /* confdefs.h */
| #define PACKAGE_NAME "wimlib"
| #define PACKAGE_TARNAME "wimlib"
| #define PACKAGE_VERSION "1.13.6"
| #define PACKAGE_STRING "wimlib 1.13.6"
| #define PACKAGE_BUGREPORT "https://wimlib.net/forums/"
| #define PACKAGE_URL ""
| #define PACKAGE "wimlib"
| #define VERSION "1.13.6"
| #define HAVE_STDIO_H 1
| #define HAVE_STDLIB_H 1
| #define HAVE_STRING_H 1
| #define HAVE_INTTYPES_H 1
| #define HAVE_STDINT_H 1
| #define HAVE_STRINGS_H 1
| #define HAVE_SYS_STAT_H 1
| #define HAVE_SYS_TYPES_H 1
| #define HAVE_UNISTD_H 1
| #define STDC_HEADERS 1
| #define HAVE_DLFCN_H 1
| #define LT_OBJDIR ".libs/"
| #define HAVE_FUTIMENS 1
| #define HAVE_UTIMENSAT 1
| #define HAVE_FLOCK 1
| #define HAVE_MEMPCPY 1
| #define HAVE_OPENAT 1
| #define HAVE_FSTATAT 1
| #define HAVE_READLINKAT 1
| #define HAVE_FDOPENDIR 1
| #define HAVE_POSIX_FALLOCATE 1
| #define HAVE_LLISTXATTR 1
| #define HAVE_LGETXATTR 1
| #define HAVE_FSETXATTR 1
| #define HAVE_LSETXATTR 1
| #define HAVE_GETOPT_LONG_ONLY 1
| #define HAVE_ALLOCA_H 1
| #define HAVE_BYTESWAP_H 1
| #define HAVE_ENDIAN_H 1
| #define HAVE_ERRNO_H 1
| #define HAVE_GLOB_H 1
| #define HAVE_STDARG_H 1
| #define HAVE_STDDEF_H 1
| #define HAVE_STDLIB_H 1
| /* end confdefs.h.  */
| #include <stddef.h>
| #ifdef HAVE_STDIO_H
| # include <stdio.h>
| #endif
| #ifdef HAVE_STDLIB_H
| # include <stdlib.h>
| #endif
| #ifdef HAVE_STRING_H
| # include <string.h>
| #endif
| #ifdef HAVE_INTTYPES_H
| # include <inttypes.h>
| #endif
| #ifdef HAVE_STDINT_H
| # include <stdint.h>
| #endif
| #ifdef HAVE_STRINGS_H
| # include <strings.h>
| #endif
| #ifdef HAVE_SYS_TYPES_H
| # include <sys/types.h>
| #endif
| #ifdef HAVE_SYS_STAT_H
| # include <sys/stat.h>
| #endif
| #ifdef HAVE_UNISTD_H
| # include <unistd.h>
| #endif
| #include <sys/endian.h>
configure:14372: result: no
configure:14378: checking for sys/file.h
configure:14378: gcc -c -g -O2  conftest.c >&5
configure:14378: $? = 0
configure:14378: result: yes
configure:14384: checking for sys/syscall.h
configure:14384: gcc -c -g -O2  conftest.c >&5
configure:14384: $? = 0
configure:14384: result: yes
configure:14390: checking for sys/sysctl.h
configure:14390: gcc -c -g -O2  conftest.c >&5
conftest.c:75:10: fatal error: sys/sysctl.h: No such file or directory
   75 | #include <sys/sysctl.h>
      |          ^~~~~~~~~~~~~~
compilation terminated.
configure:14390: $? = 1
configure: failed program was:
| /* confdefs.h */
| #define PACKAGE_NAME "wimlib"
| #define PACKAGE_TARNAME "wimlib"
| #define PACKAGE_VERSION "1.13.6"
| #define PACKAGE_STRING "wimlib 1.13.6"
| #define PACKAGE_BUGREPORT "https://wimlib.net/forums/"
| #define PACKAGE_URL ""
| #define PACKAGE "wimlib"
| #define VERSION "1.13.6"
| #define HAVE_STDIO_H 1
| #define HAVE_STDLIB_H 1
| #define HAVE_STRING_H 1
| #define HAVE_INTTYPES_H 1
| #define HAVE_STDINT_H 1
| #define HAVE_STRINGS_H 1
| #define HAVE_SYS_STAT_H 1
| #define HAVE_SYS_TYPES_H 1
| #define HAVE_UNISTD_H 1
| #define STDC_HEADERS 1
| #define HAVE_DLFCN_H 1
| #define LT_OBJDIR ".libs/"
| #define HAVE_FUTIMENS 1
| #define HAVE_UTIMENSAT 1
| #define HAVE_FLOCK 1
| #define HAVE_MEMPCPY 1
| #define HAVE_OPENAT 1
| #define HAVE_FSTATAT 1
| #define HAVE_READLINKAT 1
| #define HAVE_FDOPENDIR 1
| #define HAVE_POSIX_FALLOCATE 1
| #define HAVE_LLISTXATTR 1
| #define HAVE_LGETXATTR 1
| #define HAVE_FSETXATTR 1
| #define HAVE_LSETXATTR 1
| #define HAVE_GETOPT_LONG_ONLY 1
| #define HAVE_ALLOCA_H 1
| #define HAVE_BYTESWAP_H 1
| #define HAVE_ENDIAN_H 1
| #define HAVE_ERRNO_H 1
| #define HAVE_GLOB_H 1
| #define HAVE_STDARG_H 1
| #define HAVE_STDDEF_H 1
| #define HAVE_STDLIB_H 1
| #define HAVE_SYS_FILE_H 1
| #define HAVE_SYS_SYSCALL_H 1
| /* end confdefs.h.  */
| #include <stddef.h>
| #ifdef HAVE_STDIO_H
| # include <stdio.h>
| #endif
| #ifdef HAVE_STDLIB_H
| # include <stdlib.h>
| #endif
| #ifdef HAVE_STRING_H
| # include <string.h>
| #endif
| #ifdef HAVE_INTTYPES_H
| # include <inttypes.h>
| #endif
| #ifdef HAVE_STDINT_H
| # include <stdint.h>
| #endif
| #ifdef HAVE_STRINGS_H
| # include <strings.h>
| #endif
| #ifdef HAVE_SYS_TYPES_H
| # include <sys/types.h>
| #endif
| #ifdef HAVE_SYS_STAT_H
| # include <sys/stat.h>
| #endif
| #ifdef HAVE_UNISTD_H
| # include <unistd.h>
| #endif
| #include <sys/sysctl.h>
configure:14390: result: no
configure:14396: checking for sys/times.h
configure:14396: gcc -c -g -O2  conftest.c >&5
configure:14396: $? = 0
configure:14396: result: yes
configure:14402: checking for sys/xattr.h
configure:14402: gcc -c -g -O2  conftest.c >&5
configure:14402: $? = 0
configure:14402: result: yes
configure:14408: checking for time.h
configure:14408: gcc -c -g -O2  conftest.c >&5
configure:14408: $? = 0
configure:14408: result: yes
configure:14414: checking for utime.h
configure:14414: gcc -c -g -O2  conftest.c >&5
configure:14414: $? = 0
configure:14414: result: yes
configure:14424: checking for struct stat.st_mtim
configure:14424: gcc -c -g -O2  conftest.c >&5
conftest.c: In function 'main':
conftest.c:57:5: error: used struct type value where scalar is required
   57 | if (ac_aggr.st_mtim)
      |     ^~~~~~~
configure:14424: $? = 1
configure: failed program was:
| /* confdefs.h */
| #define PACKAGE_NAME "wimlib"
| #define PACKAGE_TARNAME "wimlib"
| #define PACKAGE_VERSION "1.13.6"
| #define PACKAGE_STRING "wimlib 1.13.6"
| #define PACKAGE_BUGREPORT "https://wimlib.net/forums/"
| #define PACKAGE_URL ""
| #define PACKAGE "wimlib"
| #define VERSION "1.13.6"
| #define HAVE_STDIO_H 1
| #define HAVE_STDLIB_H 1
| #define HAVE_STRING_H 1
| #define HAVE_INTTYPES_H 1
| #define HAVE_STDINT_H 1
| #define HAVE_STRINGS_H 1
| #define HAVE_SYS_STAT_H 1
| #define HAVE_SYS_TYPES_H 1
| #define HAVE_UNISTD_H 1
| #define STDC_HEADERS 1
| #define HAVE_DLFCN_H 1
| #define LT_OBJDIR ".libs/"
| #define HAVE_FUTIMENS 1
| #define HAVE_UTIMENSAT 1
| #define HAVE_FLOCK 1
| #define HAVE_MEMPCPY 1
| #define HAVE_OPENAT 1
| #define HAVE_FSTATAT 1
| #define HAVE_READLINKAT 1
| #define HAVE_FDOPENDIR 1
| #define HAVE_POSIX_FALLOCATE 1
| #define HAVE_LLISTXATTR 1
| #define HAVE_LGETXATTR 1
| #define HAVE_FSETXATTR 1
| #define HAVE_LSETXATTR 1
| #define HAVE_GETOPT_LONG_ONLY 1
| #define HAVE_ALLOCA_H 1
| #define HAVE_BYTESWAP_H 1
| #define HAVE_ENDIAN_H 1
| #define HAVE_ERRNO_H 1
| #define HAVE_GLOB_H 1
| #define HAVE_STDARG_H 1
| #define HAVE_STDDEF_H 1
| #define HAVE_STDLIB_H 1
| #define HAVE_SYS_FILE_H 1
| #define HAVE_SYS_SYSCALL_H 1
| #define HAVE_SYS_TIMES_H 1
| #define HAVE_SYS_XATTR_H 1
| #define HAVE_TIME_H 1
| #define HAVE_UTIME_H 1
| /* end confdefs.h.  */
| #include <sys/stat.h>
| 
| int
| main (void)
| {
| static struct stat ac_aggr;
| if (ac_aggr.st_mtim)
| return 0;
|   ;
|   return 0;
| }
configure:14424: gcc -c -g -O2  conftest.c >&5
configure:14424: $? = 0
configure:14424: result: yes
configure:14435: checking for gcc options needed to detect all undeclared functions
configure:14457: gcc -c -g -O2   conftest.c >&5
conftest.c: In function 'main':
conftest.c:56:8: error: 'strchr' undeclared (first use in this function)
   56 | (void) strchr;
      |        ^~~~~~
conftest.c:1:1: note: 'strchr' is defined in header '<string.h>'; did you forget to '#include <string.h>'?
    1 | /* confdefs.h */
conftest.c:56:8: note: each undeclared identifier is reported only once for each function it appears in
   56 | (void) strchr;
      |        ^~~~~~
configure:14457: $? = 1
configure: failed program was:
| /* confdefs.h */
| #define PACKAGE_NAME "wimlib"
| #define PACKAGE_TARNAME "wimlib"
| #define PACKAGE_VERSION "1.13.6"
| #define PACKAGE_STRING "wimlib 1.13.6"
| #define PACKAGE_BUGREPORT "https://wimlib.net/forums/"
| #define PACKAGE_URL ""
| #define PACKAGE "wimlib"
| #define VERSION "1.13.6"
| #define HAVE_STDIO_H 1
| #define HAVE_STDLIB_H 1
| #define HAVE_STRING_H 1
| #define HAVE_INTTYPES_H 1
| #define HAVE_STDINT_H 1
| #define HAVE_STRINGS_H 1
| #define HAVE_SYS_STAT_H 1
| #define HAVE_SYS_TYPES_H 1
| #define HAVE_UNISTD_H 1
| #define STDC_HEADERS 1
| #define HAVE_DLFCN_H 1
| #define LT_OBJDIR ".libs/"
| #define HAVE_FUTIMENS 1
| #define HAVE_UTIMENSAT 1
| #define HAVE_FLOCK 1
| #define HAVE_MEMPCPY 1
| #define HAVE_OPENAT 1
| #define HAVE_FSTATAT 1
| #define HAVE_READLINKAT 1
| #define HAVE_FDOPENDIR 1
| #define HAVE_POSIX_FALLOCATE 1
| #define HAVE_LLISTXATTR 1
| #define HAVE_LGETXATTR 1
| #define HAVE_FSETXATTR 1
| #define HAVE_LSETXATTR 1
| #define HAVE_GETOPT_LONG_ONLY 1
| #define HAVE_ALLOCA_H 1
| #define HAVE_BYTESWAP_H 1
| #define HAVE_ENDIAN_H 1
| #define HAVE_ERRNO_H 1
| #define HAVE_GLOB_H 1
| #define HAVE_STDARG_H 1
| #define HAVE_STDDEF_H 1
| #define HAVE_STDLIB_H 1
| #define HAVE_SYS_FILE_H 1
| #define HAVE_SYS_SYSCALL_H 1
| #define HAVE_SYS_TIMES_H 1
| #define HAVE_SYS_XATTR_H 1
| #define HAVE_TIME_H 1
| #define HAVE_UTIME_H 1
| #define HAVE_STAT_NANOSECOND_PRECISION 1
| /* end confdefs.h.  */
| 
| int
| main (void)
| {
| (void) strchr;
|   ;
|   return 0;
| }
configure:14484: gcc -c -g -O2   conftest.c >&5
configure:14484: $? = 0
configure:14501: result: none needed
configure:14515: checking whether __NR_getrandom is declared
configure:14515: gcc -c -g -O2   conftest.c >&5
configure:14515: $? = 0
configure:14515: result: yes
configure:14639: checking if compiler needs -Werror to reject unknown flags
configure:14655: gcc -c -g -O2 -Werror -Wunknown-warning-option -Wsizeof-array-argument  conftest.c >&5
gcc: error: unrecognized command-line option '-Wunknown-warning-option'
configure:14655: $? = 1
configure: failed program was:
| /* confdefs.h */
| #define PACKAGE_NAME "wimlib"
| #define PACKAGE_TARNAME "wimlib"
| #define PACKAGE_VERSION "1.13.6"
| #define PACKAGE_STRING "wimlib 1.13.6"
| #define PACKAGE_BUGREPORT "https://wimlib.net/forums/"
| #define PACKAGE_URL ""
| #define PACKAGE "wimlib"
| #define VERSION "1.13.6"
| #define HAVE_STDIO_H 1
| #define HAVE_STDLIB_H 1
| #define HAVE_STRING_H 1
| #define HAVE_INTTYPES_H 1
| #define HAVE_STDINT_H 1
| #define HAVE_STRINGS_H 1
| #define HAVE_SYS_STAT_H 1
| #define HAVE_SYS_TYPES_H 1
| #define HAVE_UNISTD_H 1
| #define STDC_HEADERS 1
| #define HAVE_DLFCN_H 1
| #define LT_OBJDIR ".libs/"
| #define HAVE_FUTIMENS 1
| #define HAVE_UTIMENSAT 1
| #define HAVE_FLOCK 1
| #define HAVE_MEMPCPY 1
| #define HAVE_OPENAT 1
| #define HAVE_FSTATAT 1
| #define HAVE_READLINKAT 1
| #define HAVE_FDOPENDIR 1
| #define HAVE_POSIX_FALLOCATE 1
| #define HAVE_LLISTXATTR 1
| #define HAVE_LGETXATTR 1
| #define HAVE_FSETXATTR 1
| #define HAVE_LSETXATTR 1
| #define HAVE_GETOPT_LONG_ONLY 1
| #define HAVE_ALLOCA_H 1
| #define HAVE_BYTESWAP_H 1
| #define HAVE_ENDIAN_H 1
| #define HAVE_ERRNO_H 1
| #define HAVE_GLOB_H 1
| #define HAVE_STDARG_H 1
| #define HAVE_STDDEF_H 1
| #define HAVE_STDLIB_H 1
| #define HAVE_SYS_FILE_H 1
| #define HAVE_SYS_SYSCALL_H 1
| #define HAVE_SYS_TIMES_H 1
| #define HAVE_SYS_XATTR_H 1
| #define HAVE_TIME_H 1
| #define HAVE_UTIME_H 1
| #define HAVE_STAT_NANOSECOND_PRECISION 1
| #define HAVE_NR_GETRANDOM 1
| /* end confdefs.h.  */
| int foo(void);
| int
| main (void)
| {
| foo()
|   ;
|   return 0;
| }
configure:14661: result: no
configure:14732: checking for the pthreads library -lpthreads
configure:14770: gcc -o conftest -g -O2     conftest.c -lpthreads  >&5
/usr/bin/ld: cannot find -lpthreads: No such file or directory
collect2: error: ld returned 1 exit status
configure:14770: $? = 1
configure: failed program was:
| /* confdefs.h */
| #define PACKAGE_NAME "wimlib"
| #define PACKAGE_TARNAME "wimlib"
| #define PACKAGE_VERSION "1.13.6"
| #define PACKAGE_STRING "wimlib 1.13.6"
| #define PACKAGE_BUGREPORT "https://wimlib.net/forums/"
| #define PACKAGE_URL ""
| #define PACKAGE "wimlib"
| #define VERSION "1.13.6"
| #define HAVE_STDIO_H 1
| #define HAVE_STDLIB_H 1
| #define HAVE_STRING_H 1
| #define HAVE_INTTYPES_H 1
| #define HAVE_STDINT_H 1
| #define HAVE_STRINGS_H 1
| #define HAVE_SYS_STAT_H 1
| #define HAVE_SYS_TYPES_H 1
| #define HAVE_UNISTD_H 1
| #define STDC_HEADERS 1
| #define HAVE_DLFCN_H 1
| #define LT_OBJDIR ".libs/"
| #define HAVE_FUTIMENS 1
| #define HAVE_UTIMENSAT 1
| #define HAVE_FLOCK 1
| #define HAVE_MEMPCPY 1
| #define HAVE_OPENAT 1
| #define HAVE_FSTATAT 1
| #define HAVE_READLINKAT 1
| #define HAVE_FDOPENDIR 1
| #define HAVE_POSIX_FALLOCATE 1
| #define HAVE_LLISTXATTR 1
| #define HAVE_LGETXATTR 1
| #define HAVE_FSETXATTR 1
| #define HAVE_LSETXATTR 1
| #define HAVE_GETOPT_LONG_ONLY 1
| #define HAVE_ALLOCA_H 1
| #define HAVE_BYTESWAP_H 1
| #define HAVE_ENDIAN_H 1
| #define HAVE_ERRNO_H 1
| #define HAVE_GLOB_H 1
| #define HAVE_STDARG_H 1
| #define HAVE_STDDEF_H 1
| #define HAVE_STDLIB_H 1
| #define HAVE_SYS_FILE_H 1
| #define HAVE_SYS_SYSCALL_H 1
| #define HAVE_SYS_TIMES_H 1
| #define HAVE_SYS_XATTR_H 1
| #define HAVE_TIME_H 1
| #define HAVE_UTIME_H 1
| #define HAVE_STAT_NANOSECOND_PRECISION 1
| #define HAVE_NR_GETRANDOM 1
| /* end confdefs.h.  */
| #include <pthread.h>
|                         static void routine(void *a) { a = 0; }
|                         static void *start_routine(void *a) { return a; }
| int
| main (void)
| {
| pthread_t th; pthread_attr_t attr;
|                         pthread_create(&th, 0, start_routine, 0);
|                         pthread_join(th, 0);
|                         pthread_attr_init(&attr);
|                         pthread_cleanup_push(routine, 0);
|                         pthread_cleanup_pop(0) /* ; */
|   ;
|   return 0;
| }
configure:14780: result: no
configure:14672: checking whether pthreads work without any flags
configure:14770: gcc -o conftest -g -O2     conftest.c   >&5
configure:14770: $? = 0
configure:14780: result: yes
configure:14799: checking for joinable pthread attribute
configure:14814: gcc -o conftest -g -O2    conftest.c   >&5
configure:14814: $? = 0
configure:14821: result: PTHREAD_CREATE_JOINABLE
configure:14829: checking if more special flags are required for pthreads
configure:14844: result: no
configure:14850: checking for PTHREAD_PRIO_INHERIT
configure:14868: gcc -o conftest -g -O2    conftest.c   >&5
configure:14868: $? = 0
configure:14878: result: yes
configure:15045: checking for pkg-config
configure:15068: found /usr/bin/pkg-config
configure:15080: result: /usr/bin/pkg-config
configure:15105: checking pkg-config is at least version 0.9.0
configure:15108: result: yes
configure:15118: checking for LIBXML2
configure:15125: $PKG_CONFIG --exists --print-errors "libxml-2.0"
configure:15128: $? = 0
configure:15142: $PKG_CONFIG --exists --print-errors "libxml-2.0"
configure:15145: $? = 0
configure:15203: result: yes
configure:15215: checking whether to include support for ntfs-3g
configure:15226: result: yes
configure:15232: checking for LIBNTFS_3G
configure:15239: $PKG_CONFIG --exists --print-errors "libntfs-3g >= 2011.4.12"
Package libntfs-3g was not found in the pkg-config search path.
Perhaps you should add the directory containing `libntfs-3g.pc'
to the PKG_CONFIG_PATH environment variable
No package 'libntfs-3g' found
configure:15242: $? = 1
configure:15256: $PKG_CONFIG --exists --print-errors "libntfs-3g >= 2011.4.12"
Package libntfs-3g was not found in the pkg-config search path.
Perhaps you should add the directory containing `libntfs-3g.pc'
to the PKG_CONFIG_PATH environment variable
No package 'libntfs-3g' found
configure:15259: $? = 1
configure:15273: result: no
No package 'libntfs-3g' found
configure:15289: error: Cannot find libntfs-3g version 2011-4-12 or
		 later!  Without libntfs-3g, wimlib cannot include support for
		 capturing or applying a WIM image directly from/to an unmounted
		 NTFS volume while preserving NTFS-specific data such as
		 security descriptors and named data streams.  Either install
		 libntfs-3g, or configure --without-ntfs-3g to disable this
		 feature.

## ---------------- ##
## Cache variables. ##
## ---------------- ##

ac_cv_build=x86_64-pc-linux-gnu
ac_cv_c_bigendian=no
ac_cv_c_compiler_gnu=yes
ac_cv_c_undeclared_builtin_options='none needed'
ac_cv_env_CC_set=
ac_cv_env_CC_value=
ac_cv_env_CFLAGS_set=
ac_cv_env_CFLAGS_value=
ac_cv_env_CPPFLAGS_set=
ac_cv_env_CPPFLAGS_value=
ac_cv_env_LDFLAGS_set=
ac_cv_env_LDFLAGS_value=
ac_cv_env_LIBCRYPTO_CFLAGS_set=
ac_cv_env_LIBCRYPTO_CFLAGS_value=
ac_cv_env_LIBCRYPTO_LIBS_set=
ac_cv_env_LIBCRYPTO_LIBS_value=
ac_cv_env_LIBFUSE_CFLAGS_set=
ac_cv_env_LIBFUSE_CFLAGS_value=
ac_cv_env_LIBFUSE_LIBS_set=
ac_cv_env_LIBFUSE_LIBS_value=
ac_cv_env_LIBNTFS_3G_CFLAGS_set=
ac_cv_env_LIBNTFS_3G_CFLAGS_value=
ac_cv_env_LIBNTFS_3G_LIBS_set=
ac_cv_env_LIBNTFS_3G_LIBS_value=
ac_cv_env_LIBS_set=
ac_cv_env_LIBS_value=
ac_cv_env_LIBXML2_CFLAGS_set=
ac_cv_env_LIBXML2_CFLAGS_value=
ac_cv_env_LIBXML2_LIBS_set=
ac_cv_env_LIBXML2_LIBS_value=
ac_cv_env_LT_SYS_LIBRARY_PATH_set=
ac_cv_env_LT_SYS_LIBRARY_PATH_value=
ac_cv_env_PKG_CONFIG_LIBDIR_set=
ac_cv_env_PKG_CONFIG_LIBDIR_value=
ac_cv_env_PKG_CONFIG_PATH_set=
ac_cv_env_PKG_CONFIG_PATH_value=
ac_cv_env_PKG_CONFIG_set=
ac_cv_env_PKG_CONFIG_value=
ac_cv_env_build_alias_set=
ac_cv_env_build_alias_value=
ac_cv_env_host_alias_set=
ac_cv_env_host_alias_value=
ac_cv_env_target_alias_set=
ac_cv_env_target_alias_value=
ac_cv_func_fdopendir=yes
ac_cv_func_flock=yes
ac_cv_func_fsetxattr=yes
ac_cv_func_fstatat=yes
ac_cv_func_futimens=yes
ac_cv_func_getopt_long_only=yes
ac_cv_func_lgetxattr=yes
ac_cv_func_llistxattr=yes
ac_cv_func_lsetxattr=yes
ac_cv_func_mempcpy=yes
ac_cv_func_openat=yes
ac_cv_func_posix_fallocate=yes
ac_cv_func_readlinkat=yes
ac_cv_func_utimensat=yes
ac_cv_have_decl___NR_getrandom=yes
ac_cv_header_alloca_h=yes
ac_cv_header_byteswap_h=yes
ac_cv_header_dlfcn_h=yes
ac_cv_header_endian_h=yes
ac_cv_header_errno_h=yes
ac_cv_header_glob_h=yes
ac_cv_header_inttypes_h=yes
ac_cv_header_machine_endian_h=no
ac_cv_header_stdarg_h=yes
ac_cv_header_stddef_h=yes
ac_cv_header_stdint_h=yes
ac_cv_header_stdio_h=yes
ac_cv_header_stdlib_h=yes
ac_cv_header_string_h=yes
ac_cv_header_strings_h=yes
ac_cv_header_sys_byteorder_h=no
ac_cv_header_sys_endian_h=no
ac_cv_header_sys_file_h=yes
ac_cv_header_sys_stat_h=yes
ac_cv_header_sys_syscall_h=yes
ac_cv_header_sys_sysctl_h=no
ac_cv_header_sys_times_h=yes
ac_cv_header_sys_types_h=yes
ac_cv_header_sys_xattr_h=yes
ac_cv_header_time_h=yes
ac_cv_header_unistd_h=yes
ac_cv_header_utime_h=yes
ac_cv_host=x86_64-pc-linux-gnu
ac_cv_member_struct_stat_st_mtim=yes
ac_cv_objext=o
ac_cv_path_EGREP='/usr/bin/grep -E'
ac_cv_path_FGREP='/usr/bin/grep -F'
ac_cv_path_GREP=/usr/bin/grep
ac_cv_path_SED=/usr/bin/sed
ac_cv_path_ac_pt_PKG_CONFIG=/usr/bin/pkg-config
ac_cv_path_install='/usr/bin/install -c'
ac_cv_path_lt_DD=/usr/bin/dd
ac_cv_path_mkdir=/usr/bin/mkdir
ac_cv_prog_AWK=gawk
ac_cv_prog_ac_ct_AR=ar
ac_cv_prog_ac_ct_CC=gcc
ac_cv_prog_ac_ct_FILECMD=file
ac_cv_prog_ac_ct_MANIFEST_TOOL=mt
ac_cv_prog_ac_ct_OBJDUMP=objdump
ac_cv_prog_ac_ct_RANLIB=ranlib
ac_cv_prog_ac_ct_STRIP=strip
ac_cv_prog_cc_c11=
ac_cv_prog_cc_g=yes
ac_cv_prog_cc_stdc=
ac_cv_prog_make_make_set=no
am_cv_CC_dependencies_compiler_type=none
am_cv_ar_interface=ar
am_cv_make_support_nested_variables=no
am_cv_prog_cc_c_o=yes
ax_cv_PTHREAD_PRIO_INHERIT=yes
lt_cv_ar_at_file=@
lt_cv_archive_cmds_need_lc=no
lt_cv_deplibs_check_method=pass_all
lt_cv_file_magic_cmd='$MAGIC_CMD'
lt_cv_file_magic_test_file=
lt_cv_ld_reload_flag=-r
lt_cv_nm_interface='BSD nm'
lt_cv_objdir=.libs
lt_cv_path_LD=/usr/bin/ld
lt_cv_path_NM='/usr/bin/nm -B'
lt_cv_path_mainfest_tool=no
lt_cv_prog_compiler_c_o=yes
lt_cv_prog_compiler_pic='-fPIC -DPIC'
lt_cv_prog_compiler_pic_works=yes
lt_cv_prog_compiler_rtti_exceptions=no
lt_cv_prog_compiler_static_works=yes
lt_cv_prog_gnu_ld=yes
lt_cv_sharedlib_from_linklib_cmd='printf %s\n'
lt_cv_shlibpath_overrides_runpath=yes
lt_cv_sys_global_symbol_pipe='/usr/bin/sed -n -e '\''s/^.*[	 ]\([ABCDGIRSTW][ABCDGIRSTW]*\)[	 ][	 ]*\([_A-Za-z][_A-Za-z0-9]*\)$/\1 \2 \2/p'\'' | /usr/bin/sed '\''/ __gnu_lto/d'\'''
lt_cv_sys_global_symbol_to_c_name_address='/usr/bin/sed -n -e '\''s/^: \(.*\) .*$/  {"\1", (void *) 0},/p'\'' -e '\''s/^[ABCDGIRSTW][ABCDGIRSTW]* .* \(.*\)$/  {"\1", (void *) \&\1},/p'\'''
lt_cv_sys_global_symbol_to_c_name_address_lib_prefix='/usr/bin/sed -n -e '\''s/^: \(.*\) .*$/  {"\1", (void *) 0},/p'\'' -e '\''s/^[ABCDGIRSTW][ABCDGIRSTW]* .* \(lib.*\)$/  {"\1", (void *) \&\1},/p'\'' -e '\''s/^[ABCDGIRSTW][ABCDGIRSTW]* .* \(.*\)$/  {"lib\1", (void *) \&\1},/p'\'''
lt_cv_sys_global_symbol_to_cdecl='/usr/bin/sed -n -e '\''s/^T .* \(.*\)$/extern int \1();/p'\'' -e '\''s/^[ABCDGIRSTW][ABCDGIRSTW]* .* \(.*\)$/extern char \1;/p'\'''
lt_cv_sys_global_symbol_to_import=
lt_cv_sys_max_cmd_len=1572864
lt_cv_to_host_file_cmd=func_convert_file_noop
lt_cv_to_tool_file_cmd=func_convert_file_noop
lt_cv_truncate_bin='/usr/bin/dd bs=4096 count=1'
pkg_cv_LIBXML2_CFLAGS=-I/usr/include/libxml2
pkg_cv_LIBXML2_LIBS=-lxml2

## ----------------- ##
## Output variables. ##
## ----------------- ##

ACLOCAL='${SHELL} '\''/home/joshua/Dev/woeusb-installer/wimlib/build-aux/missing'\'' aclocal-1.16'
AMDEPBACKSLASH='\'
AMDEP_FALSE='#'
AMDEP_TRUE=''
AMTAR='$${TAR-tar}'
AM_BACKSLASH='\'
AM_DEFAULT_V='0'
AM_DEFAULT_VERBOSITY='0'
AM_V='0'
AR='ar'
AUTOCONF='${SHELL} '\''/home/joshua/Dev/woeusb-installer/wimlib/build-aux/missing'\'' autoconf'
AUTOHEADER='${SHELL} '\''/home/joshua/Dev/woeusb-installer/wimlib/build-aux/missing'\'' autoheader'
AUTOMAKE='${SHELL} '\''/home/joshua/Dev/woeusb-installer/wimlib/build-aux/missing'\'' automake-1.16'
AWK='gawk'
CC='gcc'
CCDEPMODE='depmode=none'
CFLAGS='-g -O2'
CPPFLAGS=''
CSCOPE='cscope'
CTAGS='ctags'
CYGPATH_W='echo'
DEFS=''
DEPDIR='.deps'
DLLTOOL='false'
DSYMUTIL=''
DUMPBIN=''
ECHO_C=''
ECHO_N='-n'
ECHO_T=''
EGREP='/usr/bin/grep -E'
ENABLE_SSSE3_SHA1_FALSE=''
ENABLE_SSSE3_SHA1_TRUE=''
ENABLE_TEST_SUPPORT_FALSE=''
ENABLE_TEST_SUPPORT_TRUE=''
ETAGS='etags'
EXEEXT=''
FGREP='/usr/bin/grep -F'
FILECMD='file'
GREP='/usr/bin/grep'
INSTALL_DATA='${INSTALL} -m 644'
INSTALL_PROGRAM='${INSTALL}'
INSTALL_SCRIPT='${INSTALL}'
INSTALL_STRIP_PROGRAM='$(install_sh) -c -s'
LD='/usr/bin/ld -m elf_x86_64'
LDFLAGS=''
LIBCRYPTO_CFLAGS=''
LIBCRYPTO_LIBS=''
LIBFUSE_CFLAGS=''
LIBFUSE_LIBS=''
LIBNTFS_3G_CFLAGS=''
LIBNTFS_3G_LIBS=''
LIBOBJS=''
LIBRT_LIBS=''
LIBS=''
LIBTOOL='$(SHELL) $(top_builddir)/libtool'
LIBXML2_CFLAGS='-I/usr/include/libxml2'
LIBXML2_LIBS='-lxml2'
LIPO=''
LN_S='ln -s'
LTLIBOBJS=''
LT_SYS_LIBRARY_PATH=''
MAKEINFO='${SHELL} '\''/home/joshua/Dev/woeusb-installer/wimlib/build-aux/missing'\'' makeinfo'
MANIFEST_TOOL=':'
MKDIR_P='/usr/bin/mkdir -p'
NAFLAGS=''
NASM=''
NASM_PLATFORM_FLAGS=''
NASM_SYMBOL_PREFIX=''
NM='/usr/bin/nm -B'
NMEDIT=''
OBJDUMP='objdump'
OBJEXT='o'
OTOOL64=''
OTOOL=''
PACKAGE='wimlib'
PACKAGE_BUGREPORT='https://wimlib.net/forums/'
PACKAGE_NAME='wimlib'
PACKAGE_STRING='wimlib 1.13.6'
PACKAGE_TARNAME='wimlib'
PACKAGE_URL=''
PACKAGE_VERSION='1.13.6'
PATH_SEPARATOR=':'
PKGCONFIG_PRIVATE_LIBS=''
PKGCONFIG_PRIVATE_REQUIRES=' libxml-2.0'
PKG_CONFIG='/usr/bin/pkg-config'
PKG_CONFIG_LIBDIR=''
PKG_CONFIG_PATH=''
PLATFORM_CFLAGS='-fvisibility=hidden'
PLATFORM_CPPFLAGS=''
PLATFORM_LDFLAGS=''
PTHREAD_CC='gcc'
PTHREAD_CFLAGS=''
PTHREAD_LIBS=''
RANLIB='ranlib'
SED='/usr/bin/sed'
SET_MAKE='MAKE=make'
SHELL='/bin/bash'
STRIP='strip'
VERSION='1.13.6'
WINDOWS_NATIVE_BUILD_FALSE=''
WINDOWS_NATIVE_BUILD_TRUE='#'
WITH_FUSE_FALSE=''
WITH_FUSE_TRUE=''
WITH_NTFS_3G_FALSE=''
WITH_NTFS_3G_TRUE=''
ac_ct_AR='ar'
ac_ct_CC='gcc'
ac_ct_DUMPBIN=''
am__EXEEXT_FALSE=''
am__EXEEXT_TRUE=''
am__fastdepCC_FALSE=''
am__fastdepCC_TRUE='#'
am__include='#'
am__isrc=''
am__leading_dot='.'
am__nodep='_no'
am__quote=''
am__tar='$${TAR-tar} chof - "$$tardir"'
am__untar='$${TAR-tar} xf -'
ax_pthread_config=''
bindir='${exec_prefix}/bin'
build='x86_64-pc-linux-gnu'
build_alias=''
build_cpu='x86_64'
build_os='linux-gnu'
build_vendor='pc'
datadir='${datarootdir}'
datarootdir='${prefix}/share'
docdir='${datarootdir}/doc/${PACKAGE_TARNAME}'
dvidir='${docdir}'
exec_prefix='NONE'
host='x86_64-pc-linux-gnu'
host_alias=''
host_cpu='x86_64'
host_os='linux-gnu'
host_vendor='pc'
htmldir='${docdir}'
includedir='${prefix}/include'
infodir='${datarootdir}/info'
install_sh='${SHELL} /home/joshua/Dev/woeusb-installer/wimlib/build-aux/install-sh'
libdir='${exec_prefix}/lib'
libexecdir='${exec_prefix}/libexec'
localedir='${datarootdir}/locale'
localstatedir='${prefix}/var'
mandir='${datarootdir}/man'
mkdir_p='$(MKDIR_P)'
oldincludedir='/usr/include'
pdfdir='${docdir}'
pkgconfigdir=''
prefix='NONE'
program_transform_name='s,x,x,'
psdir='${docdir}'
runstatedir='${localstatedir}/run'
sbindir='${exec_prefix}/sbin'
sharedstatedir='${prefix}/com'
sysconfdir='${prefix}/etc'
target_alias=''

## ----------- ##
## confdefs.h. ##
## ----------- ##

/* confdefs.h */
#define PACKAGE_NAME "wimlib"
#define PACKAGE_TARNAME "wimlib"
#define PACKAGE_VERSION "1.13.6"
#define PACKAGE_STRING "wimlib 1.13.6"
#define PACKAGE_BUGREPORT "https://wimlib.net/forums/"
#define PACKAGE_URL ""
#define PACKAGE "wimlib"
#define VERSION "1.13.6"
#define HAVE_STDIO_H 1
#define HAVE_STDLIB_H 1
#define HAVE_STRING_H 1
#define HAVE_INTTYPES_H 1
#define HAVE_STDINT_H 1
#define HAVE_STRINGS_H 1
#define HAVE_SYS_STAT_H 1
#define HAVE_SYS_TYPES_H 1
#define HAVE_UNISTD_H 1
#define STDC_HEADERS 1
#define HAVE_DLFCN_H 1
#define LT_OBJDIR ".libs/"
#define HAVE_FUTIMENS 1
#define HAVE_UTIMENSAT 1
#define HAVE_FLOCK 1
#define HAVE_MEMPCPY 1
#define HAVE_OPENAT 1
#define HAVE_FSTATAT 1
#define HAVE_READLINKAT 1
#define HAVE_FDOPENDIR 1
#define HAVE_POSIX_FALLOCATE 1
#define HAVE_LLISTXATTR 1
#define HAVE_LGETXATTR 1
#define HAVE_FSETXATTR 1
#define HAVE_LSETXATTR 1
#define HAVE_GETOPT_LONG_ONLY 1
#define HAVE_ALLOCA_H 1
#define HAVE_BYTESWAP_H 1
#define HAVE_ENDIAN_H 1
#define HAVE_ERRNO_H 1
#define HAVE_GLOB_H 1
#define HAVE_STDARG_H 1
#define HAVE_STDDEF_H 1
#define HAVE_STDLIB_H 1
#define HAVE_SYS_FILE_H 1
#define HAVE_SYS_SYSCALL_H 1
#define HAVE_SYS_TIMES_H 1
#define HAVE_SYS_XATTR_H 1
#define HAVE_TIME_H 1
#define HAVE_UTIME_H 1
#define HAVE_STAT_NANOSECOND_PRECISION 1
#define HAVE_NR_GETRANDOM 1
#define HAVE_PTHREAD_PRIO_INHERIT 1
#define HAVE_PTHREAD 1

configure: exit 1
